IronPython.Runtime.UnboundNameException: global name 'Ouput' is not defined
  at IronPython.Runtime.Operations.PythonOps.GetVariable (IronPython.Runtime.CodeContext context, System.String name, Boolean isGlobal, Boolean lightThrow) [0x00000] in <filename unknown>:0 
  at IronPython.Compiler.LookupGlobalInstruction.Run (Microsoft.Scripting.Interpreter.InterpretedFrame frame) [0x00000] in <filename unknown>:0 
  at Microsoft.Scripting.Interpreter.Interpreter.Run (Microsoft.Scripting.Interpreter.InterpretedFrame frame) [0x00000] in <filename unknown>:0 Microsoft.Scripting.ArgumentTypeException: expected IList[ArraySegment[Byte]], got str
  at Microsoft.Scripting.Interpreter.ThrowInstruction.Run (Microsoft.Scripting.Interpreter.InterpretedFrame frame) [0x00000] in <filename unknown>:0 
  at Microsoft.Scripting.Interpreter.Interpreter.Run (Microsoft.Scripting.Interpreter.InterpretedFrame frame) [0x00000] in <filename unknown>:0 Microsoft.Scripting.ArgumentTypeException: expected IList[ArraySegment[Byte]], got str
at (wrapper dynamic-method) object.CallSite.Target (System.Runtime.CompilerServices.Closure,System.Runtime.CompilerServices.CallSite,IronPython.Runtime.CodeContext,object,object) <IL 0x000cd, 0x00381>
at System.Dynamic.UpdateDelegates.UpdateAndExecute3<IronPython.Runtime.CodeContext, object, object, object> (System.Runtime.CompilerServices.CallSite,IronPython.Runtime.CodeContext,object,object) <0x0089b>
at (wrapper delegate-invoke) <Module>.invoke_object__this___Func`5<CallSite, CodeContext, object, object, object>_CallSite_CodeContext_object_object (System.Func`5<System.Runtime.CompilerServices.CallSite, IronPython.Runtime.CodeContext, object, object, object>,System.Runtime.CompilerServices.CallSite,IronPython.Runtime.CodeContext,object,object) <IL 0x0005e, 0x001d9>
at Microsoft.Scripting.Interpreter.FuncCallInstruction`6<System.Func`5<System.Runtime.CompilerServices.CallSite, IronPython.Runtime.CodeContext, object, object, object>, System.Runtime.CompilerServices.CallSite, IronPython.Runtime.CodeContext, object, object, object>.Run (Microsoft.Scripting.Interpreter.InterpretedFrame) <0x001e8>
at Microsoft.Scripting.Interpreter.Interpreter.Run (Microsoft.Scripting.Interpreter.InterpretedFrame) <IL 0x0001a, 0x0012f>
Microsoft.Scripting.ArgumentTypeException: expected IList[ArraySegment[Byte]], got str
at (wrapper dynamic-method) object.CallSite.Target (System.Runtime.CompilerServices.Closure,System.Runtime.CompilerServices.CallSite,IronPython.Runtime.CodeContext,object,object) <IL 0x000cd, 0x00381>
at (wrapper dynamic-method) object.Update$3 (System.Runtime.CompilerServices.Closure,IronPython.Runtime.PythonFunction,object,object) <IL 0x00103, 0x00645>
Microsoft.Scripting.ArgumentTypeException: expected IList[ArraySegment[Byte]], got str
at (wrapper dynamic-method) object.CallSite.Target (System.Runtime.CompilerServices.Closure,System.Runtime.CompilerServices.CallSite,IronPython.Runtime.CodeContext,object,object) <IL 0x000cd, 0x00381>
at (wrapper dynamic-method) object.Update$3 (System.Runtime.CompilerServices.Closure,IronPython.Runtime.PythonFunction,object,object) <IL 0x00117, 0x006b5>
Microsoft.Scripting.ArgumentTypeException: expected IList[ArraySegment[Byte]], got str
at (wrapper dynamic-method) object.CallSite.Target (System.Runtime.CompilerServices.Closure,System.Runtime.CompilerServices.CallSite,IronPython.Runtime.CodeContext,object,string) <IL 0x000b5, 0x00344>
at System.Dynamic.UpdateDelegates.UpdateAndExecute3<IronPython.Runtime.CodeContext, object, string, object> (System.Runtime.CompilerServices.CallSite,IronPython.Runtime.CodeContext,object,string) <0x0089b>
at (wrapper delegate-invoke) <Module>.invoke_object__this___Func`5<CallSite, CodeContext, object, string, object>_CallSite_CodeContext_object_string (System.Func`5<System.Runtime.CompilerServices.CallSite, IronPython.Runtime.CodeContext, object, string, object>,System.Runtime.CompilerServices.CallSite,IronPython.Runtime.CodeContext,object,string) <IL 0x0005e, 0x001d9>
at Microsoft.Scripting.Interpreter.FuncCallInstruction`6<System.Func`5<System.Runtime.CompilerServices.CallSite, IronPython.Runtime.CodeContext, object, string, object>, System.Runtime.CompilerServices.CallSite, IronPython.Runtime.CodeContext, object, string, object>.Run (Microsoft.Scripting.Interpreter.InterpretedFrame) <0x001e8>
at Microsoft.Scripting.Interpreter.Interpreter.Run (Microsoft.Scripting.Interpreter.InterpretedFrame) <IL 0x0001a, 0x0012f>
Microsoft.Scripting.ArgumentTypeException: expected IList[ArraySegment[Byte]], got str
at (wrapper dynamic-method) object.CallSite.Target (System.Runtime.CompilerServices.Closure,System.Runtime.CompilerServices.CallSite,IronPython.Runtime.CodeContext,object,string) <IL 0x000b5, 0x00344>
at (wrapper dynamic-method) object.Update$3 (System.Runtime.CompilerServices.Closure,IronPython.Runtime.PythonFunction,object,object) <IL 0x000d6, 0x00592>
System.InvalidOperationException: Collection was modified; enumeration operation may not execute.
  at System.Dynamic.ExpandoObject+<GetExpandoEnumerator>c__Iterator2.MoveNext () [0x0005e] in /builddir/build/BUILD/mono-2.10.8/mcs/class/dlr/Runtime/Microsoft.Scripting.Core/Actions/ExpandoObject.cs:672 
  at Newtonsoft.Json.Utilities.DictionaryWrapper`2+DictionaryEnumerator`2[System.String,System.Object,System.String,System.Object].MoveNext () [0x00000] in <filename unknown>:0 
  at Newtonsoft.Json.Serialization.JsonSerializerInternalWriter.SerializeDictionary (Newtonsoft.Json.JsonWriter writer, IDictionary values, Newtonsoft.Json.Serialization.JsonDictionaryContract contract, Newtonsoft.Json.Serialization.JsonProperty member, Newtonsoft.Json.Serialization.JsonContainerContract collectionContract, Newtonsoft.Json.Serialization.JsonProperty containerProperty) [0x00000] in <filename unknown>:0 
  at Newtonsoft.Json.Serialization.JsonSerializerInternalWriter.SerializeValue (Newtonsoft.Json.JsonWriter writer, System.Object value, Newtonsoft.Json.Serialization.JsonContract valueContract, Newtonsoft.Json.Serialization.JsonProperty member, Newtonsoft.Json.Serialization.JsonContainerContract containerContract, Newtonsoft.Json.Serialization.JsonProperty containerProperty) [0x00000] in <filename unknown>:0 
  at Newtonsoft.Json.Serialization.JsonSerializerInternalWriter.Serialize (Newtonsoft.Json.JsonWriter jsonWriter, System.Object value, System.Type objectType) [0x00000] in <filename unknown>:0 System.Net.Sockets.SocketException: The socket has been shut down
at System.Net.Sockets.Socket.Send (byte[]) [0x0004d] in /builddir/build/BUILD/mono-2.10.8/mcs/class/System/System.Net.Sockets/Socket.cs:1822
at (wrapper dynamic-method) object.CallSite.Target (System.Runtime.CompilerServices.Closure,System.Runtime.CompilerServices.CallSite,IronPython.Runtime.CodeContext,object,object) <IL 0x000a6, 0x00333>
at (wrapper dynamic-method) object.Update$3 (System.Runtime.CompilerServices.Closure,IronPython.Runtime.PythonFunction,object,object) <IL 0x00188, 0x0093a>
