System.MissingMemberException: 'ExpandoObject' object has no attribute 'x'
at (wrapper dynamic-method) object.CallSite.Target (System.Runtime.CompilerServices.Closure,System.Runtime.CompilerServices.CallSite,object) <IL 0x00080, 0x00273>
at System.Dynamic.UpdateDelegates.UpdateAndExecute1<object, object> (System.Runtime.CompilerServices.CallSite,object) <0x007dd>
at Microsoft.Scripting.Interpreter.DynamicInstruction`2<object, object>.Run (Microsoft.Scripting.Interpreter.InterpretedFrame) <0x000c0>
at Microsoft.Scripting.Interpreter.Interpreter.Run (Microsoft.Scripting.Interpreter.InterpretedFrame) <IL 0x0001a, 0x0012f>
System.MissingMemberException: 'ExpandoObject' object has no attribute 'x'
at (wrapper dynamic-method) object.CallSite.Target (System.Runtime.CompilerServices.Closure,System.Runtime.CompilerServices.CallSite,object) <IL 0x00080, 0x00273>
at Microsoft.Scripting.Interpreter.DynamicInstruction`2<object, object>.Run (Microsoft.Scripting.Interpreter.InterpretedFrame) <0x000c0>
at Microsoft.Scripting.Interpreter.Interpreter.Run (Microsoft.Scripting.Interpreter.InterpretedFrame) <IL 0x0001a, 0x0012f>
System.MissingMemberException: 'ExpandoObject' object has no attribute 'x'
at (wrapper dynamic-method) object.CallSite.Target (System.Runtime.CompilerServices.Closure,System.Runtime.CompilerServices.CallSite,object) <IL 0x00080, 0x00273>
at (wrapper dynamic-method) object.CallSite.Target (System.Runtime.CompilerServices.Closure,System.Runtime.CompilerServices.CallSite,object,IronPython.Runtime.CodeContext) <IL 0x00039, 0x0011a>
at (wrapper dynamic-method) object.Update$2 (System.Runtime.CompilerServices.Closure,IronPython.Runtime.PythonFunction,object,object) <IL 0x00058, 0x00289>
System.MissingMemberException: 'ExpandoObject' object has no attribute 'x'
at (wrapper dynamic-method) object.CallSite.Target (System.Runtime.CompilerServices.Closure,System.Runtime.CompilerServices.CallSite,object) <IL 0x00080, 0x00273>
at System.Dynamic.UpdateDelegates.UpdateAndExecute1<object, object> (System.Runtime.CompilerServices.CallSite,object) <0x00481>
at (wrapper dynamic-method) object.CallSite.Target (System.Runtime.CompilerServices.Closure,System.Runtime.CompilerServices.CallSite,object,IronPython.Runtime.CodeContext) <IL 0x00039, 0x0011a>
at System.Dynamic.UpdateDelegates.UpdateAndExecute2<object, IronPython.Runtime.CodeContext, object> (System.Runtime.CompilerServices.CallSite,object,IronPython.Runtime.CodeContext) <0x00844>
at (wrapper delegate-invoke) <Module>.invoke_object__this___Func`4<CallSite, object, CodeContext, object>_CallSite_object_CodeContext (System.Func`4<System.Runtime.CompilerServices.CallSite, object, IronPython.Runtime.CodeContext, object>,System.Runtime.CompilerServices.CallSite,object,IronPython.Runtime.CodeContext) <IL 0x0005a, 0x001d1>
at Microsoft.Scripting.Interpreter.FuncCallInstruction`5<System.Func`4<System.Runtime.CompilerServices.CallSite, object, IronPython.Runtime.CodeContext, object>, System.Runtime.CompilerServices.CallSite, object, IronPython.Runtime.CodeContext, object>.Run (Microsoft.Scripting.Interpreter.InterpretedFrame) <0x00194>
at Microsoft.Scripting.Interpreter.Interpreter.Run (Microsoft.Scripting.Interpreter.InterpretedFrame) <IL 0x0001a, 0x0012f>
System.MissingMemberException: 'ExpandoObject' object has no attribute 'y'
at (wrapper dynamic-method) object.CallSite.Target (System.Runtime.CompilerServices.Closure,System.Runtime.CompilerServices.CallSite,object) <IL 0x00080, 0x0026d>
at (wrapper dynamic-method) object.CallSite.Target (System.Runtime.CompilerServices.Closure,System.Runtime.CompilerServices.CallSite,object,IronPython.Runtime.CodeContext) <IL 0x00039, 0x0011a>
at (wrapper dynamic-method) object.Update$2 (System.Runtime.CompilerServices.Closure,IronPython.Runtime.PythonFunction,object,object) <IL 0x000ad, 0x00460>
System.MissingMemberException: 'ExpandoObject' object has no attribute 'x'
at (wrapper dynamic-method) object.CallSite.Target (System.Runtime.CompilerServices.Closure,System.Runtime.CompilerServices.CallSite,object) <IL 0x00080, 0x00273>
at System.Dynamic.UpdateDelegates.UpdateAndExecute1<object, object> (System.Runtime.CompilerServices.CallSite,object) <0x00481>
at (wrapper dynamic-method) object.CallSite.Target (System.Runtime.CompilerServices.Closure,System.Runtime.CompilerServices.CallSite,object,IronPython.Runtime.CodeContext) <IL 0x00039, 0x0011a>
at System.Dynamic.UpdateDelegates.UpdateAndExecute2<object, IronPython.Runtime.CodeContext, object> (System.Runtime.CompilerServices.CallSite,object,IronPython.Runtime.CodeContext) <0x00844>
at (wrapper delegate-invoke) <Module>.invoke_object__this___Func`4<CallSite, object, CodeContext, object>_CallSite_object_CodeContext (System.Func`4<System.Runtime.CompilerServices.CallSite, object, IronPython.Runtime.CodeContext, object>,System.Runtime.CompilerServices.CallSite,object,IronPython.Runtime.CodeContext) <IL 0x0005a, 0x001cd>
at Microsoft.Scripting.Interpreter.FuncCallInstruction`5<System.Func`4<System.Runtime.CompilerServices.CallSite, object, IronPython.Runtime.CodeContext, object>, System.Runtime.CompilerServices.CallSite, object, IronPython.Runtime.CodeContext, object>.Run (Microsoft.Scripting.Interpreter.InterpretedFrame) <0x00194>
at Microsoft.Scripting.Interpreter.Interpreter.Run (Microsoft.Scripting.Interpreter.InterpretedFrame) <IL 0x0001a, 0x0012f>
System.MissingMemberException: 'ExpandoObject' object has no attribute 'z'
at (wrapper dynamic-method) object.CallSite.Target (System.Runtime.CompilerServices.Closure,System.Runtime.CompilerServices.CallSite,object) <IL 0x00080, 0x00273>
at (wrapper dynamic-method) object.CallSite.Target (System.Runtime.CompilerServices.Closure,System.Runtime.CompilerServices.CallSite,object,IronPython.Runtime.CodeContext) <IL 0x00039, 0x0011a>
at (wrapper dynamic-method) object.Update$2 (System.Runtime.CompilerServices.Closure,IronPython.Runtime.PythonFunction,object,object) <IL 0x00103, 0x0062b>
System.MissingMemberException: 'ExpandoObject' object has no attribute 'y'
at (wrapper dynamic-method) object.CallSite.Target (System.Runtime.CompilerServices.Closure,System.Runtime.CompilerServices.CallSite,object) <IL 0x00080, 0x00273>
at (wrapper dynamic-method) object.CallSite.Target (System.Runtime.CompilerServices.Closure,System.Runtime.CompilerServices.CallSite,object,IronPython.Runtime.CodeContext) <IL 0x00039, 0x0011a>
at (wrapper dynamic-method) object.Update$2 (System.Runtime.CompilerServices.Closure,IronPython.Runtime.PythonFunction,object,object) <IL 0x000ad, 0x00460>
System.MissingMemberException: 'ExpandoObject' object has no attribute 'x'
at (wrapper dynamic-method) object.CallSite.Target (System.Runtime.CompilerServices.Closure,System.Runtime.CompilerServices.CallSite,object) <IL 0x00080, 0x00273>
at System.Dynamic.UpdateDelegates.UpdateAndExecute1<object, object> (System.Runtime.CompilerServices.CallSite,object) <0x00481>
at Microsoft.Scripting.Interpreter.DynamicInstruction`2<object, object>.Run (Microsoft.Scripting.Interpreter.InterpretedFrame) <0x000c0>
at Microsoft.Scripting.Interpreter.Interpreter.Run (Microsoft.Scripting.Interpreter.InterpretedFrame) <IL 0x0001a, 0x0012f>
System.MissingMemberException: 'ExpandoObject' object has no attribute 'y'
at (wrapper dynamic-method) object.CallSite.Target (System.Runtime.CompilerServices.Closure,System.Runtime.CompilerServices.CallSite,object) <IL 0x00080, 0x0026d>
at Microsoft.Scripting.Interpreter.DynamicInstruction`2<object, object>.Run (Microsoft.Scripting.Interpreter.InterpretedFrame) <0x000c0>
at Microsoft.Scripting.Interpreter.Interpreter.Run (Microsoft.Scripting.Interpreter.InterpretedFrame) <IL 0x0001a, 0x0012f>
System.MissingMemberException: 'ExpandoObject' object has no attribute 'x'
at (wrapper dynamic-method) object.CallSite.Target (System.Runtime.CompilerServices.Closure,System.Runtime.CompilerServices.CallSite,object) <IL 0x00080, 0x0027d>
at System.Dynamic.UpdateDelegates.UpdateAndExecute1<object, object> (System.Runtime.CompilerServices.CallSite,object) <0x007dd>
at Microsoft.Scripting.Interpreter.DynamicInstruction`2<object, object>.Run (Microsoft.Scripting.Interpreter.InterpretedFrame) <0x000c0>
at Microsoft.Scripting.Interpreter.Interpreter.Run (Microsoft.Scripting.Interpreter.InterpretedFrame) <IL 0x0001a, 0x0012f>
System.MissingMemberException: 'ExpandoObject' object has no attribute 'x'
at (wrapper dynamic-method) object.CallSite.Target (System.Runtime.CompilerServices.Closure,System.Runtime.CompilerServices.CallSite,object) <IL 0x00080, 0x0027d>
at Microsoft.Scripting.Interpreter.DynamicInstruction`2<object, object>.Run (Microsoft.Scripting.Interpreter.InterpretedFrame) <0x000c0>
at Microsoft.Scripting.Interpreter.Interpreter.Run (Microsoft.Scripting.Interpreter.InterpretedFrame) <IL 0x0001a, 0x0012f>
System.MissingMemberException: 'ExpandoObject' object has no attribute 'x'
at (wrapper dynamic-method) object.CallSite.Target (System.Runtime.CompilerServices.Closure,System.Runtime.CompilerServices.CallSite,object) <IL 0x00080, 0x00273>
at System.Dynamic.UpdateDelegates.UpdateAndExecute1<object, object> (System.Runtime.CompilerServices.CallSite,object) <0x007dd>
at (wrapper dynamic-method) object.CallSite.Target (System.Runtime.CompilerServices.Closure,System.Runtime.CompilerServices.CallSite,object) <IL 0x000a4, 0x00335>
at (wrapper dynamic-method) object.CallSite.Target (System.Runtime.CompilerServices.Closure,System.Runtime.CompilerServices.CallSite,object,IronPython.Runtime.CodeContext) <IL 0x00039, 0x0011a>
at (wrapper dynamic-method) object.Update$2 (System.Runtime.CompilerServices.Closure,IronPython.Runtime.PythonFunction,object,object) <IL 0x00058, 0x00289>
System.MissingMemberException: 'ExpandoObject' object has no attribute 'z'
at (wrapper dynamic-method) object.CallSite.Target (System.Runtime.CompilerServices.Closure,System.Runtime.CompilerServices.CallSite,object) <IL 0x00080, 0x00273>
at Microsoft.Scripting.Interpreter.DynamicInstruction`2<object, object>.Run (Microsoft.Scripting.Interpreter.InterpretedFrame) <0x000c0>
at Microsoft.Scripting.Interpreter.Interpreter.Run (Microsoft.Scripting.Interpreter.InterpretedFrame) <IL 0x0001a, 0x0012f>
System.MissingMemberException: 'ExpandoObject' object has no attribute 'y'
at (wrapper dynamic-method) object.CallSite.Target (System.Runtime.CompilerServices.Closure,System.Runtime.CompilerServices.CallSite,object) <IL 0x00080, 0x00273>
at Microsoft.Scripting.Interpreter.DynamicInstruction`2<object, object>.Run (Microsoft.Scripting.Interpreter.InterpretedFrame) <0x000c0>
at Microsoft.Scripting.Interpreter.Interpreter.Run (Microsoft.Scripting.Interpreter.InterpretedFrame) <IL 0x0001a, 0x0012f>
System.MissingMemberException: 'ExpandoObject' object has no attribute 'Yaw'
at (wrapper dynamic-method) object.CallSite.Target (System.Runtime.CompilerServices.Closure,System.Runtime.CompilerServices.CallSite,object) <IL 0x00080, 0x0026d>
at System.Dynamic.UpdateDelegates.UpdateAndExecute1<object, object> (System.Runtime.CompilerServices.CallSite,object) <0x007dd>
at Microsoft.Scripting.Interpreter.DynamicInstruction`2<object, object>.Run (Microsoft.Scripting.Interpreter.InterpretedFrame) <0x000c0>
at Microsoft.Scripting.Interpreter.Interpreter.Run (Microsoft.Scripting.Interpreter.InterpretedFrame) <IL 0x0001a, 0x0012f>
System.MissingMemberException: 'ExpandoObject' object has no attribute 'Yaw'
at (wrapper dynamic-method) object.CallSite.Target (System.Runtime.CompilerServices.Closure,System.Runtime.CompilerServices.CallSite,object) <IL 0x00080, 0x0026d>
at Microsoft.Scripting.Interpreter.DynamicInstruction`2<object, object>.Run (Microsoft.Scripting.Interpreter.InterpretedFrame) <0x000c0>
at Microsoft.Scripting.Interpreter.Interpreter.Run (Microsoft.Scripting.Interpreter.InterpretedFrame) <IL 0x0001a, 0x0012f>
System.MissingMemberException: 'ExpandoObject' object has no attribute 'Roll'
at (wrapper dynamic-method) object.CallSite.Target (System.Runtime.CompilerServices.Closure,System.Runtime.CompilerServices.CallSite,object) <IL 0x00080, 0x00273>
at Microsoft.Scripting.Interpreter.DynamicInstruction`2<object, object>.Run (Microsoft.Scripting.Interpreter.InterpretedFrame) <0x000c0>
at Microsoft.Scripting.Interpreter.Interpreter.Run (Microsoft.Scripting.Interpreter.InterpretedFrame) <IL 0x0001a, 0x0012f>
System.MissingMemberException: 'ExpandoObject' object has no attribute 'Altitude'
at (wrapper dynamic-method) object.CallSite.Target (System.Runtime.CompilerServices.Closure,System.Runtime.CompilerServices.CallSite,object) <IL 0x00080, 0x00273>
at Microsoft.Scripting.Interpreter.DynamicInstruction`2<object, object>.Run (Microsoft.Scripting.Interpreter.InterpretedFrame) <0x000c0>
at Microsoft.Scripting.Interpreter.Interpreter.Run (Microsoft.Scripting.Interpreter.InterpretedFrame) <IL 0x0001a, 0x0012f>
System.MissingMemberException: 'ExpandoObject' object has no attribute 'Pitch'
at (wrapper dynamic-method) object.CallSite.Target (System.Runtime.CompilerServices.Closure,System.Runtime.CompilerServices.CallSite,object) <IL 0x00080, 0x00273>
at Microsoft.Scripting.Interpreter.DynamicInstruction`2<object, object>.Run (Microsoft.Scripting.Interpreter.InterpretedFrame) <0x000c0>
at Microsoft.Scripting.Interpreter.Interpreter.Run (Microsoft.Scripting.Interpreter.InterpretedFrame) <IL 0x0001a, 0x0012f>
System.MissingMemberException: 'ExpandoObject' object has no attribute 'Yaw'
at (wrapper dynamic-method) object.CallSite.Target (System.Runtime.CompilerServices.Closure,System.Runtime.CompilerServices.CallSite,object) <IL 0x00080, 0x0026d>
at System.Dynamic.UpdateDelegates.UpdateAndExecute1<object, object> (System.Runtime.CompilerServices.CallSite,object) <0x00481>
at (wrapper dynamic-method) object.CallSite.Target (System.Runtime.CompilerServices.Closure,System.Runtime.CompilerServices.CallSite,object,IronPython.Runtime.CodeContext) <IL 0x00039, 0x0011a>
at System.Dynamic.UpdateDelegates.UpdateAndExecute2<object, IronPython.Runtime.CodeContext, object> (System.Runtime.CompilerServices.CallSite,object,IronPython.Runtime.CodeContext) <0x00844>
at (wrapper delegate-invoke) <Module>.invoke_object__this___Func`4<CallSite, object, CodeContext, object>_CallSite_object_CodeContext (System.Func`4<System.Runtime.CompilerServices.CallSite, object, IronPython.Runtime.CodeContext, object>,System.Runtime.CompilerServices.CallSite,object,IronPython.Runtime.CodeContext) <IL 0x0005a, 0x001cd>
at Microsoft.Scripting.Interpreter.FuncCallInstruction`5<System.Func`4<System.Runtime.CompilerServices.CallSite, object, IronPython.Runtime.CodeContext, object>, System.Runtime.CompilerServices.CallSite, object, IronPython.Runtime.CodeContext, object>.Run (Microsoft.Scripting.Interpreter.InterpretedFrame) <0x00194>
at Microsoft.Scripting.Interpreter.Interpreter.Run (Microsoft.Scripting.Interpreter.InterpretedFrame) <IL 0x0001a, 0x0012f>
System.MissingMemberException: 'ExpandoObject' object has no attribute 'Yaw'
at (wrapper dynamic-method) object.CallSite.Target (System.Runtime.CompilerServices.Closure,System.Runtime.CompilerServices.CallSite,object) <IL 0x00080, 0x0026d>
at (wrapper dynamic-method) object.CallSite.Target (System.Runtime.CompilerServices.Closure,System.Runtime.CompilerServices.CallSite,object,IronPython.Runtime.CodeContext) <IL 0x00039, 0x0011a>
at (wrapper dynamic-method) object.Update$2 (System.Runtime.CompilerServices.Closure,IronPython.Runtime.PythonFunction,object,object) <IL 0x00058, 0x0028c>
System.MissingMemberException: 'ExpandoObject' object has no attribute 'Roll'
at (wrapper dynamic-method) object.CallSite.Target (System.Runtime.CompilerServices.Closure,System.Runtime.CompilerServices.CallSite,object) <IL 0x00080, 0x00273>
at (wrapper dynamic-method) object.CallSite.Target (System.Runtime.CompilerServices.Closure,System.Runtime.CompilerServices.CallSite,object,IronPython.Runtime.CodeContext) <IL 0x00039, 0x0011a>
at (wrapper dynamic-method) object.Update$2 (System.Runtime.CompilerServices.Closure,IronPython.Runtime.PythonFunction,object,object) <IL 0x000ad, 0x00487>
System.MissingMemberException: 'ExpandoObject' object has no attribute 'Yaw'
at (wrapper dynamic-method) object.CallSite.Target (System.Runtime.CompilerServices.Closure,System.Runtime.CompilerServices.CallSite,object) <IL 0x00080, 0x0026d>
at System.Dynamic.UpdateDelegates.UpdateAndExecute1<object, object> (System.Runtime.CompilerServices.CallSite,object) <0x00481>
at (wrapper dynamic-method) object.CallSite.Target (System.Runtime.CompilerServices.Closure,System.Runtime.CompilerServices.CallSite,object,IronPython.Runtime.CodeContext) <IL 0x00039, 0x0011a>
at System.Dynamic.UpdateDelegates.UpdateAndExecute2<object, IronPython.Runtime.CodeContext, object> (System.Runtime.CompilerServices.CallSite,object,IronPython.Runtime.CodeContext) <0x00844>
at (wrapper delegate-invoke) <Module>.invoke_object__this___Func`4<CallSite, object, CodeContext, object>_CallSite_object_CodeContext (System.Func`4<System.Runtime.CompilerServices.CallSite, object, IronPython.Runtime.CodeContext, object>,System.Runtime.CompilerServices.CallSite,object,IronPython.Runtime.CodeContext) <IL 0x0005a, 0x001d1>
at Microsoft.Scripting.Interpreter.FuncCallInstruction`5<System.Func`4<System.Runtime.CompilerServices.CallSite, object, IronPython.Runtime.CodeContext, object>, System.Runtime.CompilerServices.CallSite, object, IronPython.Runtime.CodeContext, object>.Run (Microsoft.Scripting.Interpreter.InterpretedFrame) <0x00194>
at Microsoft.Scripting.Interpreter.Interpreter.Run (Microsoft.Scripting.Interpreter.InterpretedFrame) <IL 0x0001a, 0x0012f>
System.MissingMemberException: 'ExpandoObject' object has no attribute 'Yaw'
at (wrapper dynamic-method) object.CallSite.Target (System.Runtime.CompilerServices.Closure,System.Runtime.CompilerServices.CallSite,object) <IL 0x00080, 0x00273>
at System.Dynamic.UpdateDelegates.UpdateAndExecute1<object, object> (System.Runtime.CompilerServices.CallSite,object) <0x007dd>
at Microsoft.Scripting.Interpreter.DynamicInstruction`2<object, object>.Run (Microsoft.Scripting.Interpreter.InterpretedFrame) <0x000c0>
at Microsoft.Scripting.Interpreter.Interpreter.Run (Microsoft.Scripting.Interpreter.InterpretedFrame) <IL 0x0001a, 0x0012f>
System.MissingMemberException: 'ExpandoObject' object has no attribute 'Yaw'
at (wrapper dynamic-method) object.CallSite.Target (System.Runtime.CompilerServices.Closure,System.Runtime.CompilerServices.CallSite,object) <IL 0x00080, 0x00273>
at Microsoft.Scripting.Interpreter.DynamicInstruction`2<object, object>.Run (Microsoft.Scripting.Interpreter.InterpretedFrame) <0x000c0>
at Microsoft.Scripting.Interpreter.Interpreter.Run (Microsoft.Scripting.Interpreter.InterpretedFrame) <IL 0x0001a, 0x0012f>
System.MissingMemberException: 'ExpandoObject' object has no attribute 'Altitude'
at (wrapper dynamic-method) object.CallSite.Target (System.Runtime.CompilerServices.Closure,System.Runtime.CompilerServices.CallSite,object) <IL 0x00080, 0x00273>
at System.Dynamic.UpdateDelegates.UpdateAndExecute1<object, object> (System.Runtime.CompilerServices.CallSite,object) <0x007dd>
at Microsoft.Scripting.Interpreter.DynamicInstruction`2<object, object>.Run (Microsoft.Scripting.Interpreter.InterpretedFrame) <0x000c0>
at Microsoft.Scripting.Interpreter.Interpreter.Run (Microsoft.Scripting.Interpreter.InterpretedFrame) <IL 0x0001a, 0x0012f>
System.MissingMemberException: 'ExpandoObject' object has no attribute 'Altitude'
at (wrapper dynamic-method) object.CallSite.Target (System.Runtime.CompilerServices.Closure,System.Runtime.CompilerServices.CallSite,object) <IL 0x00080, 0x00273>
at System.Dynamic.UpdateDelegates.UpdateAndExecute1<object, object> (System.Runtime.CompilerServices.CallSite,object) <0x00481>
at Microsoft.Scripting.Interpreter.DynamicInstruction`2<object, object>.Run (Microsoft.Scripting.Interpreter.InterpretedFrame) <0x000c0>
at Microsoft.Scripting.Interpreter.Interpreter.Run (Microsoft.Scripting.Interpreter.InterpretedFrame) <IL 0x0001a, 0x0012f>
System.MissingMemberException: 'ExpandoObject' object has no attribute 'Yaw'
at (wrapper dynamic-method) object.CallSite.Target (System.Runtime.CompilerServices.Closure,System.Runtime.CompilerServices.CallSite,object) <IL 0x00080, 0x00273>
at System.Dynamic.UpdateDelegates.UpdateAndExecute1<object, object> (System.Runtime.CompilerServices.CallSite,object) <0x00481>
at (wrapper dynamic-method) object.CallSite.Target (System.Runtime.CompilerServices.Closure,System.Runtime.CompilerServices.CallSite,object,IronPython.Runtime.CodeContext) <IL 0x00039, 0x0011a>
at System.Dynamic.UpdateDelegates.UpdateAndExecute2<object, IronPython.Runtime.CodeContext, object> (System.Runtime.CompilerServices.CallSite,object,IronPython.Runtime.CodeContext) <0x00844>
at (wrapper delegate-invoke) <Module>.invoke_object__this___Func`4<CallSite, object, CodeContext, object>_CallSite_object_CodeContext (System.Func`4<System.Runtime.CompilerServices.CallSite, object, IronPython.Runtime.CodeContext, object>,System.Runtime.CompilerServices.CallSite,object,IronPython.Runtime.CodeContext) <IL 0x0005a, 0x001d1>
at Microsoft.Scripting.Interpreter.FuncCallInstruction`5<System.Func`4<System.Runtime.CompilerServices.CallSite, object, IronPython.Runtime.CodeContext, object>, System.Runtime.CompilerServices.CallSite, object, IronPython.Runtime.CodeContext, object>.Run (Microsoft.Scripting.Interpreter.InterpretedFrame) <0x00194>
at Microsoft.Scripting.Interpreter.Interpreter.Run (Microsoft.Scripting.Interpreter.InterpretedFrame) <IL 0x0001a, 0x0012f>
System.MissingMemberException: 'ExpandoObject' object has no attribute 'Yaw'
at (wrapper dynamic-method) object.CallSite.Target (System.Runtime.CompilerServices.Closure,System.Runtime.CompilerServices.CallSite,object) <IL 0x00080, 0x00273>
at (wrapper dynamic-method) object.CallSite.Target (System.Runtime.CompilerServices.Closure,System.Runtime.CompilerServices.CallSite,object,IronPython.Runtime.CodeContext) <IL 0x00039, 0x0011a>
at (wrapper dynamic-method) object.Update$2 (System.Runtime.CompilerServices.Closure,IronPython.Runtime.PythonFunction,object,object) <IL 0x00058, 0x0028c>
System.MissingMemberException: 'ExpandoObject' object has no attribute 'Altitude'
at (wrapper dynamic-method) object.CallSite.Target (System.Runtime.CompilerServices.Closure,System.Runtime.CompilerServices.CallSite,object) <IL 0x00080, 0x00273>
at System.Dynamic.UpdateDelegates.UpdateAndExecute1<object, object> (System.Runtime.CompilerServices.CallSite,object) <0x00481>
at (wrapper dynamic-method) object.CallSite.Target (System.Runtime.CompilerServices.Closure,System.Runtime.CompilerServices.CallSite,object,IronPython.Runtime.CodeContext) <IL 0x00039, 0x0011a>
at System.Dynamic.UpdateDelegates.UpdateAndExecute2<object, IronPython.Runtime.CodeContext, object> (System.Runtime.CompilerServices.CallSite,object,IronPython.Runtime.CodeContext) <0x00844>
at (wrapper delegate-invoke) <Module>.invoke_object__this___Func`4<CallSite, object, CodeContext, object>_CallSite_object_CodeContext (System.Func`4<System.Runtime.CompilerServices.CallSite, object, IronPython.Runtime.CodeContext, object>,System.Runtime.CompilerServices.CallSite,object,IronPython.Runtime.CodeContext) <IL 0x0005a, 0x001d1>
at Microsoft.Scripting.Interpreter.FuncCallInstruction`5<System.Func`4<System.Runtime.CompilerServices.CallSite, object, IronPython.Runtime.CodeContext, object>, System.Runtime.CompilerServices.CallSite, object, IronPython.Runtime.CodeContext, object>.Run (Microsoft.Scripting.Interpreter.InterpretedFrame) <0x00194>
at Microsoft.Scripting.Interpreter.Interpreter.Run (Microsoft.Scripting.Interpreter.InterpretedFrame) <IL 0x0001a, 0x0012f>
System.MissingMemberException: 'ExpandoObject' object has no attribute 'Altitude'
at (wrapper dynamic-method) object.CallSite.Target (System.Runtime.CompilerServices.Closure,System.Runtime.CompilerServices.CallSite,object) <IL 0x00080, 0x00273>
at (wrapper dynamic-method) object.CallSite.Target (System.Runtime.CompilerServices.Closure,System.Runtime.CompilerServices.CallSite,object,IronPython.Runtime.CodeContext) <IL 0x00039, 0x0011a>
at (wrapper dynamic-method) object.Update$2 (System.Runtime.CompilerServices.Closure,IronPython.Runtime.PythonFunction,object,object) <IL 0x0015b, 0x0082c>
System.MissingMemberException: 'ExpandoObject' object has no attribute 'Pitch'
at (wrapper dynamic-method) object.CallSite.Target (System.Runtime.CompilerServices.Closure,System.Runtime.CompilerServices.CallSite,object) <IL 0x00080, 0x00273>
at (wrapper dynamic-method) object.CallSite.Target (System.Runtime.CompilerServices.Closure,System.Runtime.CompilerServices.CallSite,object,IronPython.Runtime.CodeContext) <IL 0x00039, 0x0011a>
at (wrapper dynamic-method) object.Update$2 (System.Runtime.CompilerServices.Closure,IronPython.Runtime.PythonFunction,object,object) <IL 0x00103, 0x0065e>
System.MissingMemberException: 'ExpandoObject' object has no attribute 'Yaw'
at (wrapper dynamic-method) object.CallSite.Target (System.Runtime.CompilerServices.Closure,System.Runtime.CompilerServices.CallSite,object) <IL 0x00080, 0x00273>
at System.Dynamic.UpdateDelegates.UpdateAndExecute1<object, object> (System.Runtime.CompilerServices.CallSite,object) <0x00481>
at Microsoft.Scripting.Interpreter.DynamicInstruction`2<object, object>.Run (Microsoft.Scripting.Interpreter.InterpretedFrame) <0x000c0>
at Microsoft.Scripting.Interpreter.Interpreter.Run (Microsoft.Scripting.Interpreter.InterpretedFrame) <IL 0x0001a, 0x0012f>
System.MissingMemberException: 'ExpandoObject' object has no attribute 'Yaw'
at (wrapper dynamic-method) object.CallSite.Target (System.Runtime.CompilerServices.Closure,System.Runtime.CompilerServices.CallSite,object) <0x00186>
at System.Dynamic.UpdateDelegates.UpdateAndExecute1<object, object> (System.Runtime.CompilerServices.CallSite,object) <0x0040b>
at Microsoft.Scripting.Interpreter.DynamicInstruction`2<object, object>.Run (Microsoft.Scripting.Interpreter.InterpretedFrame) <0x0009b>
at Microsoft.Scripting.Interpreter.Interpreter.Run (Microsoft.Scripting.Interpreter.InterpretedFrame) <0x000be>
System.MissingMemberException: 'ExpandoObject' object has no attribute 'Yaw'
at (wrapper dynamic-method) object.CallSite.Target (System.Runtime.CompilerServices.Closure,System.Runtime.CompilerServices.CallSite,object) <0x00186>
at Microsoft.Scripting.Interpreter.DynamicInstruction`2<object, object>.Run (Microsoft.Scripting.Interpreter.InterpretedFrame) <0x0009b>
at Microsoft.Scripting.Interpreter.Interpreter.Run (Microsoft.Scripting.Interpreter.InterpretedFrame) <0x000be>
System.MissingMemberException: 'ExpandoObject' object has no attribute 'Yaw'
at (wrapper dynamic-method) object.CallSite.Target (System.Runtime.CompilerServices.Closure,System.Runtime.CompilerServices.CallSite,object) <0x00186>
at System.Dynamic.UpdateDelegates.UpdateAndExecute1<object, object> (System.Runtime.CompilerServices.CallSite,object) <0x00226>
at (wrapper dynamic-method) object.CallSite.Target (System.Runtime.CompilerServices.Closure,System.Runtime.CompilerServices.CallSite,object,IronPython.Runtime.CodeContext) <0x000a3>
at System.Dynamic.UpdateDelegates.UpdateAndExecute2<object, IronPython.Runtime.CodeContext, object> (System.Runtime.CompilerServices.CallSite,object,IronPython.Runtime.CodeContext) <0x00452>
at (wrapper delegate-invoke) <Module>.invoke_object__this___Func`4<CallSite, object, CodeContext, object>_CallSite_object_CodeContext (System.Func`4<System.Runtime.CompilerServices.CallSite, object, IronPython.Runtime.CodeContext, object>,System.Runtime.CompilerServices.CallSite,object,IronPython.Runtime.CodeContext) <0x0008d>
at Microsoft.Scripting.Interpreter.FuncCallInstruction`5<System.Func`4<System.Runtime.CompilerServices.CallSite, object, IronPython.Runtime.CodeContext, object>, System.Runtime.CompilerServices.CallSite, object, IronPython.Runtime.CodeContext, object>.Run (Microsoft.Scripting.Interpreter.InterpretedFrame) <0x0016d>
at Microsoft.Scripting.Interpreter.Interpreter.Run (Microsoft.Scripting.Interpreter.InterpretedFrame) <0x000be>
System.MissingMemberException: 'ExpandoObject' object has no attribute 'Yaw'
at (wrapper dynamic-method) object.CallSite.Target (System.Runtime.CompilerServices.Closure,System.Runtime.CompilerServices.CallSite,object) <0x00186>
at (wrapper dynamic-method) object.CallSite.Target (System.Runtime.CompilerServices.Closure,System.Runtime.CompilerServices.CallSite,object,IronPython.Runtime.CodeContext) <0x000a3>
at (wrapper dynamic-method) object.Update$2 (System.Runtime.CompilerServices.Closure,IronPython.Runtime.PythonFunction,object,object) <0x0017a>
System.MissingMemberException: 'ExpandoObject' object has no attribute 'Yaw'
at (wrapper dynamic-method) object.CallSite.Target (System.Runtime.CompilerServices.Closure,System.Runtime.CompilerServices.CallSite,object) <0x00186>
at System.Dynamic.UpdateDelegates.UpdateAndExecute1<object, object> (System.Runtime.CompilerServices.CallSite,object) <0x00226>
at (wrapper dynamic-method) object.CallSite.Target (System.Runtime.CompilerServices.Closure,System.Runtime.CompilerServices.CallSite,object,IronPython.Runtime.CodeContext) <0x000a3>
at System.Dynamic.UpdateDelegates.UpdateAndExecute2<object, IronPython.Runtime.CodeContext, object> (System.Runtime.CompilerServices.CallSite,object,IronPython.Runtime.CodeContext) <0x00452>
at (wrapper delegate-invoke) <Module>.invoke_object__this___Func`4<CallSite, object, CodeContext, object>_CallSite_object_CodeContext (System.Func`4<System.Runtime.CompilerServices.CallSite, object, IronPython.Runtime.CodeContext, object>,System.Runtime.CompilerServices.CallSite,object,IronPython.Runtime.CodeContext) <0x00085>
at Microsoft.Scripting.Interpreter.FuncCallInstruction`5<System.Func`4<System.Runtime.CompilerServices.CallSite, object, IronPython.Runtime.CodeContext, object>, System.Runtime.CompilerServices.CallSite, object, IronPython.Runtime.CodeContext, object>.Run (Microsoft.Scripting.Interpreter.InterpretedFrame) <0x0016d>
at Microsoft.Scripting.Interpreter.Interpreter.Run (Microsoft.Scripting.Interpreter.InterpretedFrame) <0x000be>
System.MissingMemberException: 'ExpandoObject' object has no attribute 'Roll'
at (wrapper dynamic-method) object.CallSite.Target (System.Runtime.CompilerServices.Closure,System.Runtime.CompilerServices.CallSite,object) <0x00186>
at System.Dynamic.UpdateDelegates.UpdateAndExecute1<object, object> (System.Runtime.CompilerServices.CallSite,object) <0x0040b>
at Microsoft.Scripting.Interpreter.DynamicInstruction`2<object, object>.Run (Microsoft.Scripting.Interpreter.InterpretedFrame) <0x0009b>
at Microsoft.Scripting.Interpreter.Interpreter.Run (Microsoft.Scripting.Interpreter.InterpretedFrame) <0x000be>
System.MissingMemberException: 'ExpandoObject' object has no attribute 'Yaw'
at (wrapper dynamic-method) object.CallSite.Target (System.Runtime.CompilerServices.Closure,System.Runtime.CompilerServices.CallSite,object) <IL 0x00080, 0x00273>
at (wrapper dynamic-method) object.CallSite.Target (System.Runtime.CompilerServices.Closure,System.Runtime.CompilerServices.CallSite,object,IronPython.Runtime.CodeContext) <IL 0x00039, 0x0011a>
at (wrapper dynamic-method) object.Update$1 (System.Runtime.CompilerServices.Closure,IronPython.Runtime.PythonFunction,object,object) <IL 0x00058, 0x0028c>
System.MissingMemberException: 'ExpandoObject' object has no attribute 'Yaw'
at (wrapper dynamic-method) object.CallSite.Target (System.Runtime.CompilerServices.Closure,System.Runtime.CompilerServices.CallSite,object) <IL 0x00080, 0x00273>
at System.Dynamic.UpdateDelegates.UpdateAndExecute1<object, object> (System.Runtime.CompilerServices.CallSite,object) <0x00481>
at (wrapper dynamic-method) object.CallSite.Target (System.Runtime.CompilerServices.Closure,System.Runtime.CompilerServices.CallSite,object,IronPython.Runtime.CodeContext) <IL 0x00039, 0x0011a>
at System.Dynamic.UpdateDelegates.UpdateAndExecute2<object, IronPython.Runtime.CodeContext, object> (System.Runtime.CompilerServices.CallSite,object,IronPython.Runtime.CodeContext) <0x00844>
at (wrapper delegate-invoke) <Module>.invoke_object__this___Func`4<CallSite, object, CodeContext, object>_CallSite_object_CodeContext (System.Func`4<System.Runtime.CompilerServices.CallSite, object, IronPython.Runtime.CodeContext, object>,System.Runtime.CompilerServices.CallSite,object,IronPython.Runtime.CodeContext) <IL 0x0005a, 0x001cd>
at Microsoft.Scripting.Interpreter.FuncCallInstruction`5<System.Func`4<System.Runtime.CompilerServices.CallSite, object, IronPython.Runtime.CodeContext, object>, System.Runtime.CompilerServices.CallSite, object, IronPython.Runtime.CodeContext, object>.Run (Microsoft.Scripting.Interpreter.InterpretedFrame) <0x00194>
at Microsoft.Scripting.Interpreter.Interpreter.Run (Microsoft.Scripting.Interpreter.InterpretedFrame) <IL 0x0001a, 0x0012f>
System.MissingMemberException: 'ExpandoObject' object has no attribute 'Yaw'
at (wrapper dynamic-method) object.CallSite.Target (System.Runtime.CompilerServices.Closure,System.Runtime.CompilerServices.CallSite,object) <IL 0x00080, 0x00273>
at System.Dynamic.UpdateDelegates.UpdateAndExecute1<object, object> (System.Runtime.CompilerServices.CallSite,object) <0x007dd>
at (wrapper dynamic-method) object.CallSite.Target (System.Runtime.CompilerServices.Closure,System.Runtime.CompilerServices.CallSite,object) <IL 0x000a4, 0x00335>
at (wrapper dynamic-method) object.CallSite.Target (System.Runtime.CompilerServices.Closure,System.Runtime.CompilerServices.CallSite,object,IronPython.Runtime.CodeContext) <IL 0x00039, 0x0011a>
at (wrapper dynamic-method) object.Update$2 (System.Runtime.CompilerServices.Closure,IronPython.Runtime.PythonFunction,object,object) <IL 0x00058, 0x0028c>
System.MissingMemberException: 'ExpandoObject' object has no attribute 'Roll'
at (wrapper dynamic-method) object.CallSite.Target (System.Runtime.CompilerServices.Closure,System.Runtime.CompilerServices.CallSite,object) <IL 0x00080, 0x00273>
at System.Dynamic.UpdateDelegates.UpdateAndExecute1<object, object> (System.Runtime.CompilerServices.CallSite,object) <0x007dd>
at Microsoft.Scripting.Interpreter.DynamicInstruction`2<object, object>.Run (Microsoft.Scripting.Interpreter.InterpretedFrame) <0x000c0>
at Microsoft.Scripting.Interpreter.Interpreter.Run (Microsoft.Scripting.Interpreter.InterpretedFrame) <IL 0x0001a, 0x0012f>
System.MissingMemberException: 'ExpandoObject' object has no attribute 'firstrun'
at (wrapper dynamic-method) object.CallSite.Target (System.Runtime.CompilerServices.Closure,System.Runtime.CompilerServices.CallSite,object) <IL 0x00080, 0x00273>
at System.Dynamic.UpdateDelegates.UpdateAndExecute1<object, object> (System.Runtime.CompilerServices.CallSite,object) <0x007dd>
at Microsoft.Scripting.Interpreter.DynamicInstruction`2<object, object>.Run (Microsoft.Scripting.Interpreter.InterpretedFrame) <0x000c0>
at Microsoft.Scripting.Interpreter.Interpreter.Run (Microsoft.Scripting.Interpreter.InterpretedFrame) <IL 0x0001a, 0x0012f>
System.MissingMemberException: 'ExpandoObject' object has no attribute 'firstrun'
at (wrapper dynamic-method) object.CallSite.Target (System.Runtime.CompilerServices.Closure,System.Runtime.CompilerServices.CallSite,object) <IL 0x00080, 0x00273>
at Microsoft.Scripting.Interpreter.DynamicInstruction`2<object, object>.Run (Microsoft.Scripting.Interpreter.InterpretedFrame) <0x000c0>
at Microsoft.Scripting.Interpreter.Interpreter.Run (Microsoft.Scripting.Interpreter.InterpretedFrame) <IL 0x0001a, 0x0012f>
System.MissingMemberException: 'ExpandoObject' object has no attribute 'firstrun'
at (wrapper dynamic-method) object.CallSite.Target (System.Runtime.CompilerServices.Closure,System.Runtime.CompilerServices.CallSite,object) <IL 0x00081, 0x00273>
at Microsoft.Scripting.Interpreter.DynamicInstruction`2<object, object>.Run (Microsoft.Scripting.Interpreter.InterpretedFrame) <0x000c0>
at Microsoft.Scripting.Interpreter.Interpreter.Run (Microsoft.Scripting.Interpreter.InterpretedFrame) <IL 0x0001a, 0x0012f>
System.MissingMemberException: 'ExpandoObject' object has no attribute 'firstrun'
at (wrapper dynamic-method) object.CallSite.Target (System.Runtime.CompilerServices.Closure,System.Runtime.CompilerServices.CallSite,object) <IL 0x00081, 0x00273>
at System.Dynamic.UpdateDelegates.UpdateAndExecute1<object, object> (System.Runtime.CompilerServices.CallSite,object) <0x00481>
at Microsoft.Scripting.Interpreter.DynamicInstruction`2<object, object>.Run (Microsoft.Scripting.Interpreter.InterpretedFrame) <0x000c0>
at Microsoft.Scripting.Interpreter.Interpreter.Run (Microsoft.Scripting.Interpreter.InterpretedFrame) <IL 0x0001a, 0x0012f>
System.MissingMemberException: 'ExpandoObject' object has no attribute 'firstrun'
at (wrapper dynamic-method) object.CallSite.Target (System.Runtime.CompilerServices.Closure,System.Runtime.CompilerServices.CallSite,object) <IL 0x00081, 0x00273>
at System.Dynamic.UpdateDelegates.UpdateAndExecute1<object, object> (System.Runtime.CompilerServices.CallSite,object) <0x00481>
at (wrapper dynamic-method) object.CallSite.Target (System.Runtime.CompilerServices.Closure,System.Runtime.CompilerServices.CallSite,object,IronPython.Runtime.CodeContext) <IL 0x00039, 0x0011a>
at System.Dynamic.UpdateDelegates.UpdateAndExecute2<object, IronPython.Runtime.CodeContext, object> (System.Runtime.CompilerServices.CallSite,object,IronPython.Runtime.CodeContext) <0x00844>
at (wrapper delegate-invoke) <Module>.invoke_object__this___Func`4<CallSite, object, CodeContext, object>_CallSite_object_CodeContext (System.Func`4<System.Runtime.CompilerServices.CallSite, object, IronPython.Runtime.CodeContext, object>,System.Runtime.CompilerServices.CallSite,object,IronPython.Runtime.CodeContext) <IL 0x0005a, 0x001d1>
at Microsoft.Scripting.Interpreter.FuncCallInstruction`5<System.Func`4<System.Runtime.CompilerServices.CallSite, object, IronPython.Runtime.CodeContext, object>, System.Runtime.CompilerServices.CallSite, object, IronPython.Runtime.CodeContext, object>.Run (Microsoft.Scripting.Interpreter.InterpretedFrame) <0x00194>
at Microsoft.Scripting.Interpreter.Interpreter.Run (Microsoft.Scripting.Interpreter.InterpretedFrame) <IL 0x0001a, 0x0012f>
System.MissingMemberException: 'ExpandoObject' object has no attribute 'firstrun'
at (wrapper dynamic-method) object.CallSite.Target (System.Runtime.CompilerServices.Closure,System.Runtime.CompilerServices.CallSite,object) <IL 0x00081, 0x00273>
at (wrapper dynamic-method) object.CallSite.Target (System.Runtime.CompilerServices.Closure,System.Runtime.CompilerServices.CallSite,object,IronPython.Runtime.CodeContext) <IL 0x00039, 0x0011a>
at (wrapper dynamic-method) object.Update$2 (System.Runtime.CompilerServices.Closure,IronPython.Runtime.PythonFunction,object,object) <IL 0x00196, 0x009a5>
System.MissingMemberException: 'ExpandoObject' object has no attribute 'firstrun'
at (wrapper dynamic-method) object.CallSite.Target (System.Runtime.CompilerServices.Closure,System.Runtime.CompilerServices.CallSite,object) <0x00186>
at System.Dynamic.UpdateDelegates.UpdateAndExecute1<object, object> (System.Runtime.CompilerServices.CallSite,object) <0x0040b>
at Microsoft.Scripting.Interpreter.DynamicInstruction`2<object, object>.Run (Microsoft.Scripting.Interpreter.InterpretedFrame) <0x0009b>
at Microsoft.Scripting.Interpreter.Interpreter.Run (Microsoft.Scripting.Interpreter.InterpretedFrame) <0x000be>
System.MissingMemberException: 'ExpandoObject' object has no attribute 'firstrun'
at (wrapper dynamic-method) object.CallSite.Target (System.Runtime.CompilerServices.Closure,System.Runtime.CompilerServices.CallSite,object) <0x00186>
at Microsoft.Scripting.Interpreter.DynamicInstruction`2<object, object>.Run (Microsoft.Scripting.Interpreter.InterpretedFrame) <0x0009b>
at Microsoft.Scripting.Interpreter.Interpreter.Run (Microsoft.Scripting.Interpreter.InterpretedFrame) <0x000be>
System.MissingMemberException: 'ExpandoObject' object has no attribute 'firstrun'
at (wrapper dynamic-method) object.CallSite.Target (System.Runtime.CompilerServices.Closure,System.Runtime.CompilerServices.CallSite,object) <0x00186>
at System.Dynamic.UpdateDelegates.UpdateAndExecute1<object, object> (System.Runtime.CompilerServices.CallSite,object) <0x00226>
at Microsoft.Scripting.Interpreter.DynamicInstruction`2<object, object>.Run (Microsoft.Scripting.Interpreter.InterpretedFrame) <0x0009b>
at Microsoft.Scripting.Interpreter.Interpreter.Run (Microsoft.Scripting.Interpreter.InterpretedFrame) <0x000be>
System.MissingMemberException: 'ExpandoObject' object has no attribute 'firstrun'
at (wrapper dynamic-method) object.CallSite.Target (System.Runtime.CompilerServices.Closure,System.Runtime.CompilerServices.CallSite,object) <IL 0x00081, 0x00273>
at System.Dynamic.UpdateDelegates.UpdateAndExecute1<object, object> (System.Runtime.CompilerServices.CallSite,object) <0x007dd>
at Microsoft.Scripting.Interpreter.DynamicInstruction`2<object, object>.Run (Microsoft.Scripting.Interpreter.InterpretedFrame) <0x000c0>
at Microsoft.Scripting.Interpreter.Interpreter.Run (Microsoft.Scripting.Interpreter.InterpretedFrame) <IL 0x0001a, 0x0012f>
System.MissingMemberException: 'float' object has no attribute 'Result'
at (wrapper dynamic-method) object.CallSite.Target (System.Runtime.CompilerServices.Closure,System.Runtime.CompilerServices.CallSite,object,object) <0x000f9>
at System.Dynamic.UpdateDelegates.UpdateAndExecute2<object, object, object> (System.Runtime.CompilerServices.CallSite,object,object) <0x00452>
at Microsoft.Scripting.Interpreter.DynamicInstruction`3<object, object, object>.Run (Microsoft.Scripting.Interpreter.InterpretedFrame) <0x000ec>
at Microsoft.Scripting.Interpreter.Interpreter.Run (Microsoft.Scripting.Interpreter.InterpretedFrame) <0x000be>
System.MissingMemberException: 'float' object has no attribute 'Result'
at (wrapper dynamic-method) object.CallSite.Target (System.Runtime.CompilerServices.Closure,System.Runtime.CompilerServices.CallSite,object,object) <0x000f9>
at Microsoft.Scripting.Interpreter.DynamicInstruction`3<object, object, object>.Run (Microsoft.Scripting.Interpreter.InterpretedFrame) <0x000ec>
at Microsoft.Scripting.Interpreter.Interpreter.Run (Microsoft.Scripting.Interpreter.InterpretedFrame) <0x000be>
System.MissingMemberException: 'ExpandoObject' object has no attribute 'firstrun'
at (wrapper dynamic-method) object.CallSite.Target (System.Runtime.CompilerServices.Closure,System.Runtime.CompilerServices.CallSite,object) <IL 0x00081, 0x00273>
at (wrapper dynamic-method) object.CallSite.Target (System.Runtime.CompilerServices.Closure,System.Runtime.CompilerServices.CallSite,object,IronPython.Runtime.CodeContext) <IL 0x00039, 0x0011a>
at (wrapper dynamic-method) object.Update$2 (System.Runtime.CompilerServices.Closure,IronPython.Runtime.PythonFunction,object,object) <IL 0x00196, 0x009ed>
System.MissingMemberException: 'ExpandoObject' object has no attribute 'Yaw'
at (wrapper dynamic-method) object.CallSite.Target (System.Runtime.CompilerServices.Closure,System.Runtime.CompilerServices.CallSite,object) <0x00186>
at (wrapper dynamic-method) object.CallSite.Target (System.Runtime.CompilerServices.Closure,System.Runtime.CompilerServices.CallSite,object,IronPython.Runtime.CodeContext) <0x000a3>
at (wrapper dynamic-method) object.Update$2 (System.Runtime.CompilerServices.Closure,IronPython.Runtime.PythonFunction,object,object) <0x00192>
System.MissingMemberException: 'ExpandoObject' object has no attribute 'firstrun'
at (wrapper dynamic-method) object.CallSite.Target (System.Runtime.CompilerServices.Closure,System.Runtime.CompilerServices.CallSite,object) <0x00186>
at System.Dynamic.UpdateDelegates.UpdateAndExecute1<object, object> (System.Runtime.CompilerServices.CallSite,object) <0x00226>
at (wrapper dynamic-method) object.CallSite.Target (System.Runtime.CompilerServices.Closure,System.Runtime.CompilerServices.CallSite,object,IronPython.Runtime.CodeContext) <0x000a3>
at System.Dynamic.UpdateDelegates.UpdateAndExecute2<object, IronPython.Runtime.CodeContext, object> (System.Runtime.CompilerServices.CallSite,object,IronPython.Runtime.CodeContext) <0x00452>
at (wrapper delegate-invoke) <Module>.invoke_object__this___Func`4<CallSite, object, CodeContext, object>_CallSite_object_CodeContext (System.Func`4<System.Runtime.CompilerServices.CallSite, object, IronPython.Runtime.CodeContext, object>,System.Runtime.CompilerServices.CallSite,object,IronPython.Runtime.CodeContext) <0x0008d>
at Microsoft.Scripting.Interpreter.FuncCallInstruction`5<System.Func`4<System.Runtime.CompilerServices.CallSite, object, IronPython.Runtime.CodeContext, object>, System.Runtime.CompilerServices.CallSite, object, IronPython.Runtime.CodeContext, object>.Run (Microsoft.Scripting.Interpreter.InterpretedFrame) <0x0016d>
at Microsoft.Scripting.Interpreter.Interpreter.Run (Microsoft.Scripting.Interpreter.InterpretedFrame) <0x000be>
System.MissingMemberException: 'ExpandoObject' object has no attribute 'firstrun'
at (wrapper dynamic-method) object.CallSite.Target (System.Runtime.CompilerServices.Closure,System.Runtime.CompilerServices.CallSite,object) <0x00186>
at (wrapper dynamic-method) object.CallSite.Target (System.Runtime.CompilerServices.Closure,System.Runtime.CompilerServices.CallSite,object,IronPython.Runtime.CodeContext) <0x000a3>
at (wrapper dynamic-method) object.Update$2 (System.Runtime.CompilerServices.Closure,IronPython.Runtime.PythonFunction,object,object) <0x00711>
System.MissingMemberException: 'ExpandoObject' object has no attribute 'firstrun'
at (wrapper dynamic-method) object.CallSite.Target (System.Runtime.CompilerServices.Closure,System.Runtime.CompilerServices.CallSite,object) <IL 0x00080, 0x00273>
at System.Dynamic.UpdateDelegates.UpdateAndExecute1<object, object> (System.Runtime.CompilerServices.CallSite,object) <0x00481>
at Microsoft.Scripting.Interpreter.DynamicInstruction`2<object, object>.Run (Microsoft.Scripting.Interpreter.InterpretedFrame) <0x000c0>
at Microsoft.Scripting.Interpreter.Interpreter.Run (Microsoft.Scripting.Interpreter.InterpretedFrame) <IL 0x0001a, 0x0012f>
System.MissingMemberException: 'ExpandoObject' object has no attribute 'firstrun'
at (wrapper dynamic-method) object.CallSite.Target (System.Runtime.CompilerServices.Closure,System.Runtime.CompilerServices.CallSite,object) <0x00186>
at System.Dynamic.UpdateDelegates.UpdateAndExecute1<object, object> (System.Runtime.CompilerServices.CallSite,object) <0x00226>
at (wrapper dynamic-method) object.CallSite.Target (System.Runtime.CompilerServices.Closure,System.Runtime.CompilerServices.CallSite,object,IronPython.Runtime.CodeContext) <0x000a3>
at System.Dynamic.UpdateDelegates.UpdateAndExecute2<object, IronPython.Runtime.CodeContext, object> (System.Runtime.CompilerServices.CallSite,object,IronPython.Runtime.CodeContext) <0x00452>
at (wrapper delegate-invoke) <Module>.invoke_object__this___Func`4<CallSite, object, CodeContext, object>_CallSite_object_CodeContext (System.Func`4<System.Runtime.CompilerServices.CallSite, object, IronPython.Runtime.CodeContext, object>,System.Runtime.CompilerServices.CallSite,object,IronPython.Runtime.CodeContext) <0x00085>
at Microsoft.Scripting.Interpreter.FuncCallInstruction`5<System.Func`4<System.Runtime.CompilerServices.CallSite, object, IronPython.Runtime.CodeContext, object>, System.Runtime.CompilerServices.CallSite, object, IronPython.Runtime.CodeContext, object>.Run (Microsoft.Scripting.Interpreter.InterpretedFrame) <0x0016d>
at Microsoft.Scripting.Interpreter.Interpreter.Run (Microsoft.Scripting.Interpreter.InterpretedFrame) <0x000be>
System.MissingMemberException: 'ExpandoObject' object has no attribute 'firstrun'
at (wrapper dynamic-method) object.CallSite.Target (System.Runtime.CompilerServices.Closure,System.Runtime.CompilerServices.CallSite,object) <IL 0x00080, 0x00273>
at System.Dynamic.UpdateDelegates.UpdateAndExecute1<object, object> (System.Runtime.CompilerServices.CallSite,object) <0x00481>
at (wrapper dynamic-method) object.CallSite.Target (System.Runtime.CompilerServices.Closure,System.Runtime.CompilerServices.CallSite,object,IronPython.Runtime.CodeContext) <IL 0x00039, 0x0011a>
at System.Dynamic.UpdateDelegates.UpdateAndExecute2<object, IronPython.Runtime.CodeContext, object> (System.Runtime.CompilerServices.CallSite,object,IronPython.Runtime.CodeContext) <0x00844>
at (wrapper delegate-invoke) <Module>.invoke_object__this___Func`4<CallSite, object, CodeContext, object>_CallSite_object_CodeContext (System.Func`4<System.Runtime.CompilerServices.CallSite, object, IronPython.Runtime.CodeContext, object>,System.Runtime.CompilerServices.CallSite,object,IronPython.Runtime.CodeContext) <IL 0x0005a, 0x001d1>
at Microsoft.Scripting.Interpreter.FuncCallInstruction`5<System.Func`4<System.Runtime.CompilerServices.CallSite, object, IronPython.Runtime.CodeContext, object>, System.Runtime.CompilerServices.CallSite, object, IronPython.Runtime.CodeContext, object>.Run (Microsoft.Scripting.Interpreter.InterpretedFrame) <0x00194>
at Microsoft.Scripting.Interpreter.Interpreter.Run (Microsoft.Scripting.Interpreter.InterpretedFrame) <IL 0x0001a, 0x0012f>
System.MissingMemberException: 'ExpandoObject' object has no attribute 'firstrun'
at (wrapper dynamic-method) object.CallSite.Target (System.Runtime.CompilerServices.Closure,System.Runtime.CompilerServices.CallSite,object) <IL 0x00080, 0x00273>
at (wrapper dynamic-method) object.CallSite.Target (System.Runtime.CompilerServices.Closure,System.Runtime.CompilerServices.CallSite,object,IronPython.Runtime.CodeContext) <IL 0x00039, 0x0011a>
at (wrapper dynamic-method) object.Update$2 (System.Runtime.CompilerServices.Closure,IronPython.Runtime.PythonFunction,object,object) <IL 0x00196, 0x009ed>
System.MissingMemberException: 'ExpandoObject' object has no attribute 'warmup'
at (wrapper dynamic-method) object.CallSite.Target (System.Runtime.CompilerServices.Closure,System.Runtime.CompilerServices.CallSite,object) <0x00186>
at Microsoft.Scripting.Interpreter.DynamicInstruction`2<object, object>.Run (Microsoft.Scripting.Interpreter.InterpretedFrame) <0x0009b>
at Microsoft.Scripting.Interpreter.Interpreter.Run (Microsoft.Scripting.Interpreter.InterpretedFrame) <0x000be>
System.MissingMemberException: 'ExpandoObject' object has no attribute 'warmup'
at (wrapper dynamic-method) object.CallSite.Target (System.Runtime.CompilerServices.Closure,System.Runtime.CompilerServices.CallSite,object) <0x00186>
at System.Dynamic.UpdateDelegates.UpdateAndExecute1<object, object> (System.Runtime.CompilerServices.CallSite,object) <0x00226>
at (wrapper dynamic-method) object.CallSite.Target (System.Runtime.CompilerServices.Closure,System.Runtime.CompilerServices.CallSite,object,IronPython.Runtime.CodeContext) <0x000a3>
at System.Dynamic.UpdateDelegates.UpdateAndExecute2<object, IronPython.Runtime.CodeContext, object> (System.Runtime.CompilerServices.CallSite,object,IronPython.Runtime.CodeContext) <0x00452>
at (wrapper delegate-invoke) <Module>.invoke_object__this___Func`4<CallSite, object, CodeContext, object>_CallSite_object_CodeContext (System.Func`4<System.Runtime.CompilerServices.CallSite, object, IronPython.Runtime.CodeContext, object>,System.Runtime.CompilerServices.CallSite,object,IronPython.Runtime.CodeContext) <0x00085>
at Microsoft.Scripting.Interpreter.FuncCallInstruction`5<System.Func`4<System.Runtime.CompilerServices.CallSite, object, IronPython.Runtime.CodeContext, object>, System.Runtime.CompilerServices.CallSite, object, IronPython.Runtime.CodeContext, object>.Run (Microsoft.Scripting.Interpreter.InterpretedFrame) <0x0016d>
at Microsoft.Scripting.Interpreter.Interpreter.Run (Microsoft.Scripting.Interpreter.InterpretedFrame) <0x000be>
System.MissingMemberException: 'ExpandoObject' object has no attribute 'warmup'
at (wrapper dynamic-method) object.CallSite.Target (System.Runtime.CompilerServices.Closure,System.Runtime.CompilerServices.CallSite,object) <0x00186>
at (wrapper dynamic-method) object.CallSite.Target (System.Runtime.CompilerServices.Closure,System.Runtime.CompilerServices.CallSite,object,IronPython.Runtime.CodeContext) <0x000a3>
at (wrapper dynamic-method) object.Update$2 (System.Runtime.CompilerServices.Closure,IronPython.Runtime.PythonFunction,object,object) <0x00711>
System.MissingMemberException: 'ExpandoObject' object has no attribute 'Kp'
at (wrapper dynamic-method) object.CallSite.Target (System.Runtime.CompilerServices.Closure,System.Runtime.CompilerServices.CallSite,object) <0x00186>
at Microsoft.Scripting.Interpreter.DynamicInstruction`2<object, object>.Run (Microsoft.Scripting.Interpreter.InterpretedFrame) <0x0009b>
at Microsoft.Scripting.Interpreter.Interpreter.Run (Microsoft.Scripting.Interpreter.InterpretedFrame) <0x000be>
System.MissingMemberException: 'ExpandoObject' object has no attribute 'Kp'
at (wrapper dynamic-method) object.CallSite.Target (System.Runtime.CompilerServices.Closure,System.Runtime.CompilerServices.CallSite,object) <0x00186>
at System.Dynamic.UpdateDelegates.UpdateAndExecute1<object, object> (System.Runtime.CompilerServices.CallSite,object) <0x00226>
at (wrapper dynamic-method) object.CallSite.Target (System.Runtime.CompilerServices.Closure,System.Runtime.CompilerServices.CallSite,object,IronPython.Runtime.CodeContext) <0x000a3>
at System.Dynamic.UpdateDelegates.UpdateAndExecute2<object, IronPython.Runtime.CodeContext, object> (System.Runtime.CompilerServices.CallSite,object,IronPython.Runtime.CodeContext) <0x00452>
at (wrapper delegate-invoke) <Module>.invoke_object__this___Func`4<CallSite, object, CodeContext, object>_CallSite_object_CodeContext (System.Func`4<System.Runtime.CompilerServices.CallSite, object, IronPython.Runtime.CodeContext, object>,System.Runtime.CompilerServices.CallSite,object,IronPython.Runtime.CodeContext) <0x0008d>
at Microsoft.Scripting.Interpreter.FuncCallInstruction`5<System.Func`4<System.Runtime.CompilerServices.CallSite, object, IronPython.Runtime.CodeContext, object>, System.Runtime.CompilerServices.CallSite, object, IronPython.Runtime.CodeContext, object>.Run (Microsoft.Scripting.Interpreter.InterpretedFrame) <0x0016d>
at Microsoft.Scripting.Interpreter.Interpreter.Run (Microsoft.Scripting.Interpreter.InterpretedFrame) <0x000be>
System.MissingMemberException: 'ExpandoObject' object has no attribute 'Kp'
at (wrapper dynamic-method) object.CallSite.Target (System.Runtime.CompilerServices.Closure,System.Runtime.CompilerServices.CallSite,object) <0x00186>
at (wrapper dynamic-method) object.CallSite.Target (System.Runtime.CompilerServices.Closure,System.Runtime.CompilerServices.CallSite,object,IronPython.Runtime.CodeContext) <0x000a3>
at (wrapper dynamic-method) object.Update$2 (System.Runtime.CompilerServices.Closure,IronPython.Runtime.PythonFunction,object,object) <0x00791>
System.MissingMemberException: 'ExpandoObject' object has no attribute 'Ki'
at (wrapper dynamic-method) object.CallSite.Target (System.Runtime.CompilerServices.Closure,System.Runtime.CompilerServices.CallSite,object) <0x00183>
at Microsoft.Scripting.Interpreter.DynamicInstruction`2<object, object>.Run (Microsoft.Scripting.Interpreter.InterpretedFrame) <0x0009b>
at Microsoft.Scripting.Interpreter.Interpreter.Run (Microsoft.Scripting.Interpreter.InterpretedFrame) <0x000be>
System.MissingMemberException: 'ExpandoObject' object has no attribute 'Ki'
at (wrapper dynamic-method) object.CallSite.Target (System.Runtime.CompilerServices.Closure,System.Runtime.CompilerServices.CallSite,object) <0x00183>
at System.Dynamic.UpdateDelegates.UpdateAndExecute1<object, object> (System.Runtime.CompilerServices.CallSite,object) <0x00226>
at (wrapper dynamic-method) object.CallSite.Target (System.Runtime.CompilerServices.Closure,System.Runtime.CompilerServices.CallSite,object,IronPython.Runtime.CodeContext) <0x000a3>
at System.Dynamic.UpdateDelegates.UpdateAndExecute2<object, IronPython.Runtime.CodeContext, object> (System.Runtime.CompilerServices.CallSite,object,IronPython.Runtime.CodeContext) <0x00452>
at (wrapper delegate-invoke) <Module>.invoke_object__this___Func`4<CallSite, object, CodeContext, object>_CallSite_object_CodeContext (System.Func`4<System.Runtime.CompilerServices.CallSite, object, IronPython.Runtime.CodeContext, object>,System.Runtime.CompilerServices.CallSite,object,IronPython.Runtime.CodeContext) <0x0008d>
at Microsoft.Scripting.Interpreter.FuncCallInstruction`5<System.Func`4<System.Runtime.CompilerServices.CallSite, object, IronPython.Runtime.CodeContext, object>, System.Runtime.CompilerServices.CallSite, object, IronPython.Runtime.CodeContext, object>.Run (Microsoft.Scripting.Interpreter.InterpretedFrame) <0x0016d>
at Microsoft.Scripting.Interpreter.Interpreter.Run (Microsoft.Scripting.Interpreter.InterpretedFrame) <0x000be>
System.MissingMemberException: 'ExpandoObject' object has no attribute 'Ki'
at (wrapper dynamic-method) object.CallSite.Target (System.Runtime.CompilerServices.Closure,System.Runtime.CompilerServices.CallSite,object) <0x00183>
at (wrapper dynamic-method) object.CallSite.Target (System.Runtime.CompilerServices.Closure,System.Runtime.CompilerServices.CallSite,object,IronPython.Runtime.CodeContext) <0x000a3>
at (wrapper dynamic-method) object.Update$2 (System.Runtime.CompilerServices.Closure,IronPython.Runtime.PythonFunction,object,object) <0x0091c>
System.MissingMemberException: 'ExpandoObject' object has no attribute 'Roll'
at (wrapper dynamic-method) object.CallSite.Target (System.Runtime.CompilerServices.Closure,System.Runtime.CompilerServices.CallSite,object) <0x00186>
at (wrapper dynamic-method) object.CallSite.Target (System.Runtime.CompilerServices.Closure,System.Runtime.CompilerServices.CallSite,object,IronPython.Runtime.CodeContext) <0x000a3>
at (wrapper dynamic-method) object.Update$2 (System.Runtime.CompilerServices.Closure,IronPython.Runtime.PythonFunction,object,object) <0x002ff>
Microsoft.Scripting.ArgumentTypeException: expected Single, got str
at (wrapper dynamic-method) object.CallSite.Target (System.Runtime.CompilerServices.Closure,System.Runtime.CompilerServices.CallSite,object,object) <0x00129>
at System.Dynamic.UpdateDelegates.UpdateAndExecute2<object, object, object> (System.Runtime.CompilerServices.CallSite,object,object) <0x00452>
at (wrapper dynamic-method) object.CallSite.Target (System.Runtime.CompilerServices.Closure,System.Runtime.CompilerServices.CallSite,object,object) <0x001c7>
at (wrapper dynamic-method) object.Update$2 (System.Runtime.CompilerServices.Closure,IronPython.Runtime.PythonFunction,object,object) <0x007ba>
Microsoft.Scripting.ArgumentTypeException: expected Single, got str
at (wrapper dynamic-method) object.CallSite.Target (System.Runtime.CompilerServices.Closure,System.Runtime.CompilerServices.CallSite,object,object) <0x00129>
at (wrapper dynamic-method) object.Update$2 (System.Runtime.CompilerServices.Closure,IronPython.Runtime.PythonFunction,object,object) <0x007ba>
System.MissingMemberException: 'ExpandoObject' object has no attribute 'YKp'
at (wrapper dynamic-method) object.CallSite.Target (System.Runtime.CompilerServices.Closure,System.Runtime.CompilerServices.CallSite,object) <0x00186>
at Microsoft.Scripting.Interpreter.DynamicInstruction`2<object, object>.Run (Microsoft.Scripting.Interpreter.InterpretedFrame) <0x0009b>
at Microsoft.Scripting.Interpreter.Interpreter.Run (Microsoft.Scripting.Interpreter.InterpretedFrame) <0x000be>
System.MissingMemberException: 'ExpandoObject' object has no attribute 'YKp'
at (wrapper dynamic-method) object.CallSite.Target (System.Runtime.CompilerServices.Closure,System.Runtime.CompilerServices.CallSite,object) <0x00186>
at System.Dynamic.UpdateDelegates.UpdateAndExecute1<object, object> (System.Runtime.CompilerServices.CallSite,object) <0x00226>
at (wrapper dynamic-method) object.CallSite.Target (System.Runtime.CompilerServices.Closure,System.Runtime.CompilerServices.CallSite,object,IronPython.Runtime.CodeContext) <0x000a3>
at System.Dynamic.UpdateDelegates.UpdateAndExecute2<object, IronPython.Runtime.CodeContext, object> (System.Runtime.CompilerServices.CallSite,object,IronPython.Runtime.CodeContext) <0x00452>
at (wrapper delegate-invoke) <Module>.invoke_object__this___Func`4<CallSite, object, CodeContext, object>_CallSite_object_CodeContext (System.Func`4<System.Runtime.CompilerServices.CallSite, object, IronPython.Runtime.CodeContext, object>,System.Runtime.CompilerServices.CallSite,object,IronPython.Runtime.CodeContext) <0x0008d>
at Microsoft.Scripting.Interpreter.FuncCallInstruction`5<System.Func`4<System.Runtime.CompilerServices.CallSite, object, IronPython.Runtime.CodeContext, object>, System.Runtime.CompilerServices.CallSite, object, IronPython.Runtime.CodeContext, object>.Run (Microsoft.Scripting.Interpreter.InterpretedFrame) <0x0016d>
at Microsoft.Scripting.Interpreter.Interpreter.Run (Microsoft.Scripting.Interpreter.InterpretedFrame) <0x000be>
System.MissingMemberException: 'ExpandoObject' object has no attribute 'YKp'
at (wrapper dynamic-method) object.CallSite.Target (System.Runtime.CompilerServices.Closure,System.Runtime.CompilerServices.CallSite,object) <0x00186>
at (wrapper dynamic-method) object.CallSite.Target (System.Runtime.CompilerServices.Closure,System.Runtime.CompilerServices.CallSite,object,IronPython.Runtime.CodeContext) <0x000a3>
at (wrapper dynamic-method) object.Update$2 (System.Runtime.CompilerServices.Closure,IronPython.Runtime.PythonFunction,object,object) <0x002ff>
System.MissingMemberException: 'ExpandoObject' object has no attribute 'Yaw'
at (wrapper dynamic-method) object.CallSite.Target (System.Runtime.CompilerServices.Closure,System.Runtime.CompilerServices.CallSite,object) <IL 0x00081, 0x00273>
at System.Dynamic.UpdateDelegates.UpdateAndExecute1<object, object> (System.Runtime.CompilerServices.CallSite,object) <0x007dd>
at Microsoft.Scripting.Interpreter.DynamicInstruction`2<object, object>.Run (Microsoft.Scripting.Interpreter.InterpretedFrame) <0x000c0>
at Microsoft.Scripting.Interpreter.Interpreter.Run (Microsoft.Scripting.Interpreter.InterpretedFrame) <IL 0x0001a, 0x0012f>
System.MissingMemberException: 'ExpandoObject' object has no attribute 'Yaw'
at (wrapper dynamic-method) object.CallSite.Target (System.Runtime.CompilerServices.Closure,System.Runtime.CompilerServices.CallSite,object) <IL 0x00081, 0x00273>
at Microsoft.Scripting.Interpreter.DynamicInstruction`2<object, object>.Run (Microsoft.Scripting.Interpreter.InterpretedFrame) <0x000c0>
at Microsoft.Scripting.Interpreter.Interpreter.Run (Microsoft.Scripting.Interpreter.InterpretedFrame) <IL 0x0001a, 0x0012f>
System.MissingMemberException: 'ExpandoObject' object has no attribute 'YKp'
at (wrapper dynamic-method) object.CallSite.Target (System.Runtime.CompilerServices.Closure,System.Runtime.CompilerServices.CallSite,object) <IL 0x00080, 0x00273>
at Microsoft.Scripting.Interpreter.DynamicInstruction`2<object, object>.Run (Microsoft.Scripting.Interpreter.InterpretedFrame) <0x000c0>
at Microsoft.Scripting.Interpreter.Interpreter.Run (Microsoft.Scripting.Interpreter.InterpretedFrame) <IL 0x0001a, 0x0012f>
System.MissingMemberException: 'ExpandoObject' object has no attribute 'YKp'
at (wrapper dynamic-method) object.CallSite.Target (System.Runtime.CompilerServices.Closure,System.Runtime.CompilerServices.CallSite,object) <IL 0x00080, 0x00273>
at System.Dynamic.UpdateDelegates.UpdateAndExecute1<object, object> (System.Runtime.CompilerServices.CallSite,object) <0x00481>
at Microsoft.Scripting.Interpreter.DynamicInstruction`2<object, object>.Run (Microsoft.Scripting.Interpreter.InterpretedFrame) <0x000c0>
at Microsoft.Scripting.Interpreter.Interpreter.Run (Microsoft.Scripting.Interpreter.InterpretedFrame) <IL 0x0001a, 0x0012f>
System.MissingMemberException: 'ExpandoObject' object has no attribute 'YKp'
at (wrapper dynamic-method) object.CallSite.Target (System.Runtime.CompilerServices.Closure,System.Runtime.CompilerServices.CallSite,object) <IL 0x00080, 0x00273>
at System.Dynamic.UpdateDelegates.UpdateAndExecute1<object, object> (System.Runtime.CompilerServices.CallSite,object) <0x00481>
at (wrapper dynamic-method) object.CallSite.Target (System.Runtime.CompilerServices.Closure,System.Runtime.CompilerServices.CallSite,object,IronPython.Runtime.CodeContext) <IL 0x00039, 0x0011a>
at System.Dynamic.UpdateDelegates.UpdateAndExecute2<object, IronPython.Runtime.CodeContext, object> (System.Runtime.CompilerServices.CallSite,object,IronPython.Runtime.CodeContext) <0x00844>
at (wrapper delegate-invoke) <Module>.invoke_object__this___Func`4<CallSite, object, CodeContext, object>_CallSite_object_CodeContext (System.Func`4<System.Runtime.CompilerServices.CallSite, object, IronPython.Runtime.CodeContext, object>,System.Runtime.CompilerServices.CallSite,object,IronPython.Runtime.CodeContext) <IL 0x0005a, 0x001d1>
at Microsoft.Scripting.Interpreter.FuncCallInstruction`5<System.Func`4<System.Runtime.CompilerServices.CallSite, object, IronPython.Runtime.CodeContext, object>, System.Runtime.CompilerServices.CallSite, object, IronPython.Runtime.CodeContext, object>.Run (Microsoft.Scripting.Interpreter.InterpretedFrame) <0x00194>
at Microsoft.Scripting.Interpreter.Interpreter.Run (Microsoft.Scripting.Interpreter.InterpretedFrame) <IL 0x0001a, 0x0012f>
System.MissingMemberException: 'ExpandoObject' object has no attribute 'YKp'
at (wrapper dynamic-method) object.CallSite.Target (System.Runtime.CompilerServices.Closure,System.Runtime.CompilerServices.CallSite,object) <IL 0x00080, 0x00273>
at (wrapper dynamic-method) object.CallSite.Target (System.Runtime.CompilerServices.Closure,System.Runtime.CompilerServices.CallSite,object,IronPython.Runtime.CodeContext) <IL 0x00039, 0x0011a>
at (wrapper dynamic-method) object.Update$2 (System.Runtime.CompilerServices.Closure,IronPython.Runtime.PythonFunction,object,object) <IL 0x000ad, 0x0048a>
System.MissingMemberException: 'ExpandoObject' object has no attribute 'Yaw'
at (wrapper dynamic-method) object.CallSite.Target (System.Runtime.CompilerServices.Closure,System.Runtime.CompilerServices.CallSite,object) <IL 0x00081, 0x00273>
at (wrapper dynamic-method) object.CallSite.Target (System.Runtime.CompilerServices.Closure,System.Runtime.CompilerServices.CallSite,object,IronPython.Runtime.CodeContext) <IL 0x00039, 0x0011a>
at (wrapper dynamic-method) object.Update$2 (System.Runtime.CompilerServices.Closure,IronPython.Runtime.PythonFunction,object,object) <IL 0x00058, 0x0028c>
System.MissingMemberException: 'ExpandoObject' object has no attribute 'Yaw'
at (wrapper dynamic-method) object.CallSite.Target (System.Runtime.CompilerServices.Closure,System.Runtime.CompilerServices.CallSite,object) <IL 0x00081, 0x00273>
at System.Dynamic.UpdateDelegates.UpdateAndExecute1<object, object> (System.Runtime.CompilerServices.CallSite,object) <0x00481>
at (wrapper dynamic-method) object.CallSite.Target (System.Runtime.CompilerServices.Closure,System.Runtime.CompilerServices.CallSite,object,IronPython.Runtime.CodeContext) <IL 0x00039, 0x0011a>
at System.Dynamic.UpdateDelegates.UpdateAndExecute2<object, IronPython.Runtime.CodeContext, object> (System.Runtime.CompilerServices.CallSite,object,IronPython.Runtime.CodeContext) <0x00844>
at (wrapper delegate-invoke) <Module>.invoke_object__this___Func`4<CallSite, object, CodeContext, object>_CallSite_object_CodeContext (System.Func`4<System.Runtime.CompilerServices.CallSite, object, IronPython.Runtime.CodeContext, object>,System.Runtime.CompilerServices.CallSite,object,IronPython.Runtime.CodeContext) <IL 0x0005a, 0x001d1>
at Microsoft.Scripting.Interpreter.FuncCallInstruction`5<System.Func`4<System.Runtime.CompilerServices.CallSite, object, IronPython.Runtime.CodeContext, object>, System.Runtime.CompilerServices.CallSite, object, IronPython.Runtime.CodeContext, object>.Run (Microsoft.Scripting.Interpreter.InterpretedFrame) <0x00194>
at Microsoft.Scripting.Interpreter.Interpreter.Run (Microsoft.Scripting.Interpreter.InterpretedFrame) <IL 0x0001a, 0x0012f>
System.MissingMemberException: 'ExpandoObject' object has no attribute 'Yaw'
at (wrapper dynamic-method) object.CallSite.Target (System.Runtime.CompilerServices.Closure,System.Runtime.CompilerServices.CallSite,object) <0x00186>
at (wrapper dynamic-method) object.CallSite.Target (System.Runtime.CompilerServices.Closure,System.Runtime.CompilerServices.CallSite,object,IronPython.Runtime.CodeContext) <0x000a3>
at (wrapper dynamic-method) object.Update$1 (System.Runtime.CompilerServices.Closure,IronPython.Runtime.PythonFunction,object,object) <0x00192>
System.MissingMemberException: 'ExpandoObject' object has no attribute 'YKp'
at (wrapper dynamic-method) object.CallSite.Target (System.Runtime.CompilerServices.Closure,System.Runtime.CompilerServices.CallSite,object) <IL 0x00080, 0x00273>
at System.Dynamic.UpdateDelegates.UpdateAndExecute1<object, object> (System.Runtime.CompilerServices.CallSite,object) <0x00481>
at (wrapper dynamic-method) object.CallSite.Target (System.Runtime.CompilerServices.Closure,System.Runtime.CompilerServices.CallSite,object,IronPython.Runtime.CodeContext) <IL 0x00039, 0x0011a>
at System.Dynamic.UpdateDelegates.UpdateAndExecute2<object, IronPython.Runtime.CodeContext, object> (System.Runtime.CompilerServices.CallSite,object,IronPython.Runtime.CodeContext) <0x00844>
at (wrapper delegate-invoke) <Module>.invoke_object__this___Func`4<CallSite, object, CodeContext, object>_CallSite_object_CodeContext (System.Func`4<System.Runtime.CompilerServices.CallSite, object, IronPython.Runtime.CodeContext, object>,System.Runtime.CompilerServices.CallSite,object,IronPython.Runtime.CodeContext) <IL 0x0005a, 0x001cd>
at Microsoft.Scripting.Interpreter.FuncCallInstruction`5<System.Func`4<System.Runtime.CompilerServices.CallSite, object, IronPython.Runtime.CodeContext, object>, System.Runtime.CompilerServices.CallSite, object, IronPython.Runtime.CodeContext, object>.Run (Microsoft.Scripting.Interpreter.InterpretedFrame) <0x00194>
at Microsoft.Scripting.Interpreter.Interpreter.Run (Microsoft.Scripting.Interpreter.InterpretedFrame) <IL 0x0001a, 0x0012f>
System.MissingMemberException: 'ExpandoObject' object has no attribute 'YKp'
at (wrapper dynamic-method) object.CallSite.Target (System.Runtime.CompilerServices.Closure,System.Runtime.CompilerServices.CallSite,object) <IL 0x00080, 0x00273>
at (wrapper dynamic-method) object.CallSite.Target (System.Runtime.CompilerServices.Closure,System.Runtime.CompilerServices.CallSite,object,IronPython.Runtime.CodeContext) <IL 0x00039, 0x0011a>
at (wrapper dynamic-method) object.Update$1 (System.Runtime.CompilerServices.Closure,IronPython.Runtime.PythonFunction,object,object) <IL 0x000ad, 0x0048a>
System.MissingMemberException: 'ExpandoObject' object has no attribute 'Yaw'
at (wrapper dynamic-method) object.CallSite.Target (System.Runtime.CompilerServices.Closure,System.Runtime.CompilerServices.CallSite,object) <IL 0x00081, 0x00273>
at (wrapper dynamic-method) object.CallSite.Target (System.Runtime.CompilerServices.Closure,System.Runtime.CompilerServices.CallSite,object,IronPython.Runtime.CodeContext) <IL 0x00039, 0x0011a>
at (wrapper dynamic-method) object.Update$1 (System.Runtime.CompilerServices.Closure,IronPython.Runtime.PythonFunction,object,object) <IL 0x00058, 0x0028c>
System.MissingMemberException: 'ExpandoObject' object has no attribute 'PKp'
at (wrapper dynamic-method) object.CallSite.Target (System.Runtime.CompilerServices.Closure,System.Runtime.CompilerServices.CallSite,object) <IL 0x00080, 0x0026d>
at Microsoft.Scripting.Interpreter.DynamicInstruction`2<object, object>.Run (Microsoft.Scripting.Interpreter.InterpretedFrame) <0x000c0>
at Microsoft.Scripting.Interpreter.Interpreter.Run (Microsoft.Scripting.Interpreter.InterpretedFrame) <IL 0x0001a, 0x0012f>
System.MissingMemberException: 'ExpandoObject' object has no attribute 'Yaw'
at (wrapper dynamic-method) object.CallSite.Target (System.Runtime.CompilerServices.Closure,System.Runtime.CompilerServices.CallSite,object) <IL 0x00081, 0x00273>
at System.Dynamic.UpdateDelegates.UpdateAndExecute1<object, object> (System.Runtime.CompilerServices.CallSite,object) <0x00481>
at (wrapper dynamic-method) object.CallSite.Target (System.Runtime.CompilerServices.Closure,System.Runtime.CompilerServices.CallSite,object,IronPython.Runtime.CodeContext) <IL 0x00039, 0x0011a>
at System.Dynamic.UpdateDelegates.UpdateAndExecute2<object, IronPython.Runtime.CodeContext, object> (System.Runtime.CompilerServices.CallSite,object,IronPython.Runtime.CodeContext) <0x00844>
at (wrapper delegate-invoke) <Module>.invoke_object__this___Func`4<CallSite, object, CodeContext, object>_CallSite_object_CodeContext (System.Func`4<System.Runtime.CompilerServices.CallSite, object, IronPython.Runtime.CodeContext, object>,System.Runtime.CompilerServices.CallSite,object,IronPython.Runtime.CodeContext) <IL 0x0005a, 0x001cd>
at Microsoft.Scripting.Interpreter.FuncCallInstruction`5<System.Func`4<System.Runtime.CompilerServices.CallSite, object, IronPython.Runtime.CodeContext, object>, System.Runtime.CompilerServices.CallSite, object, IronPython.Runtime.CodeContext, object>.Run (Microsoft.Scripting.Interpreter.InterpretedFrame) <0x00194>
at Microsoft.Scripting.Interpreter.Interpreter.Run (Microsoft.Scripting.Interpreter.InterpretedFrame) <IL 0x0001a, 0x0012f>
System.MissingMemberException: 'ExpandoObject' object has no attribute 'Yaw'
at (wrapper dynamic-method) object.CallSite.Target (System.Runtime.CompilerServices.Closure,System.Runtime.CompilerServices.CallSite,object) <IL 0x00081, 0x00273>
at System.Dynamic.UpdateDelegates.UpdateAndExecute1<object, object> (System.Runtime.CompilerServices.CallSite,object) <0x00481>
at Microsoft.Scripting.Interpreter.DynamicInstruction`2<object, object>.Run (Microsoft.Scripting.Interpreter.InterpretedFrame) <0x000c0>
at Microsoft.Scripting.Interpreter.Interpreter.Run (Microsoft.Scripting.Interpreter.InterpretedFrame) <IL 0x0001a, 0x0012f>
System.MissingMemberException: 'ExpandoObject' object has no attribute 'YKi'
at (wrapper dynamic-method) object.CallSite.Target (System.Runtime.CompilerServices.Closure,System.Runtime.CompilerServices.CallSite,object) <IL 0x00080, 0x00273>
at System.Dynamic.UpdateDelegates.UpdateAndExecute1<object, object> (System.Runtime.CompilerServices.CallSite,object) <0x007dd>
at Microsoft.Scripting.Interpreter.DynamicInstruction`2<object, object>.Run (Microsoft.Scripting.Interpreter.InterpretedFrame) <0x000c0>
at Microsoft.Scripting.Interpreter.Interpreter.Run (Microsoft.Scripting.Interpreter.InterpretedFrame) <IL 0x0001a, 0x0012f>
System.MissingMemberException: 'ExpandoObject' object has no attribute 'YKp'
at (wrapper dynamic-method) object.CallSite.Target (System.Runtime.CompilerServices.Closure,System.Runtime.CompilerServices.CallSite,object) <IL 0x00080, 0x00273>
at System.Dynamic.UpdateDelegates.UpdateAndExecute1<object, object> (System.Runtime.CompilerServices.CallSite,object) <0x007dd>
at Microsoft.Scripting.Interpreter.DynamicInstruction`2<object, object>.Run (Microsoft.Scripting.Interpreter.InterpretedFrame) <0x000c0>
at Microsoft.Scripting.Interpreter.Interpreter.Run (Microsoft.Scripting.Interpreter.InterpretedFrame) <IL 0x0001a, 0x0012f>
System.MissingMemberException: 'ExpandoObject' object has no attribute 'YKp'
at (wrapper dynamic-method) object.CallSite.Target (System.Runtime.CompilerServices.Closure,System.Runtime.CompilerServices.CallSite,object) <0x00186>
at (wrapper dynamic-method) object.CallSite.Target (System.Runtime.CompilerServices.Closure,System.Runtime.CompilerServices.CallSite,object,IronPython.Runtime.CodeContext) <0x000a3>
at (wrapper dynamic-method) object.Update$1 (System.Runtime.CompilerServices.Closure,IronPython.Runtime.PythonFunction,object,object) <0x002ff>
System.MissingMemberException: 'ExpandoObject' object has no attribute 'Pitch'
at (wrapper dynamic-method) object.CallSite.Target (System.Runtime.CompilerServices.Closure,System.Runtime.CompilerServices.CallSite,object) <IL 0x00081, 0x00273>
at Microsoft.Scripting.Interpreter.DynamicInstruction`2<object, object>.Run (Microsoft.Scripting.Interpreter.InterpretedFrame) <0x000c0>
at Microsoft.Scripting.Interpreter.Interpreter.Run (Microsoft.Scripting.Interpreter.InterpretedFrame) <IL 0x0001a, 0x0012f>
System.MissingMemberException: 'ExpandoObject' object has no attribute 'PKp'
at (wrapper dynamic-method) object.CallSite.Target (System.Runtime.CompilerServices.Closure,System.Runtime.CompilerServices.CallSite,object) <IL 0x00080, 0x0026d>
at System.Dynamic.UpdateDelegates.UpdateAndExecute1<object, object> (System.Runtime.CompilerServices.CallSite,object) <0x007dd>
at Microsoft.Scripting.Interpreter.DynamicInstruction`2<object, object>.Run (Microsoft.Scripting.Interpreter.InterpretedFrame) <0x000c0>
at Microsoft.Scripting.Interpreter.Interpreter.Run (Microsoft.Scripting.Interpreter.InterpretedFrame) <IL 0x0001a, 0x0012f>
System.MissingMemberException: 'ExpandoObject' object has no attribute 'YKp'
at (wrapper dynamic-method) object.CallSite.Target (System.Runtime.CompilerServices.Closure,System.Runtime.CompilerServices.CallSite,object) <0x00186>
at System.Dynamic.UpdateDelegates.UpdateAndExecute1<object, object> (System.Runtime.CompilerServices.CallSite,object) <0x0040b>
at Microsoft.Scripting.Interpreter.DynamicInstruction`2<object, object>.Run (Microsoft.Scripting.Interpreter.InterpretedFrame) <0x0009b>
at Microsoft.Scripting.Interpreter.Interpreter.Run (Microsoft.Scripting.Interpreter.InterpretedFrame) <0x000be>
System.MissingMemberException: 'ExpandoObject' object has no attribute 'YKp'
at (wrapper dynamic-method) object.CallSite.Target (System.Runtime.CompilerServices.Closure,System.Runtime.CompilerServices.CallSite,object) <0x00186>
at System.Dynamic.UpdateDelegates.UpdateAndExecute1<object, object> (System.Runtime.CompilerServices.CallSite,object) <0x00226>
at Microsoft.Scripting.Interpreter.DynamicInstruction`2<object, object>.Run (Microsoft.Scripting.Interpreter.InterpretedFrame) <0x0009b>
at Microsoft.Scripting.Interpreter.Interpreter.Run (Microsoft.Scripting.Interpreter.InterpretedFrame) <0x000be>
System.MissingMemberException: 'ExpandoObject' object has no attribute 'YKp'
at (wrapper dynamic-method) object.CallSite.Target (System.Runtime.CompilerServices.Closure,System.Runtime.CompilerServices.CallSite,object) <0x00186>
at System.Dynamic.UpdateDelegates.UpdateAndExecute1<object, object> (System.Runtime.CompilerServices.CallSite,object) <0x00226>
at (wrapper dynamic-method) object.CallSite.Target (System.Runtime.CompilerServices.Closure,System.Runtime.CompilerServices.CallSite,object,IronPython.Runtime.CodeContext) <0x000a3>
at System.Dynamic.UpdateDelegates.UpdateAndExecute2<object, IronPython.Runtime.CodeContext, object> (System.Runtime.CompilerServices.CallSite,object,IronPython.Runtime.CodeContext) <0x00452>
at (wrapper delegate-invoke) <Module>.invoke_object__this___Func`4<CallSite, object, CodeContext, object>_CallSite_object_CodeContext (System.Func`4<System.Runtime.CompilerServices.CallSite, object, IronPython.Runtime.CodeContext, object>,System.Runtime.CompilerServices.CallSite,object,IronPython.Runtime.CodeContext) <0x00085>
at Microsoft.Scripting.Interpreter.FuncCallInstruction`5<System.Func`4<System.Runtime.CompilerServices.CallSite, object, IronPython.Runtime.CodeContext, object>, System.Runtime.CompilerServices.CallSite, object, IronPython.Runtime.CodeContext, object>.Run (Microsoft.Scripting.Interpreter.InterpretedFrame) <0x0016d>
at Microsoft.Scripting.Interpreter.Interpreter.Run (Microsoft.Scripting.Interpreter.InterpretedFrame) <0x000be>
System.MissingMemberException: 'ExpandoObject' object has no attribute 'Yaw'
at (wrapper dynamic-method) object.CallSite.Target (System.Runtime.CompilerServices.Closure,System.Runtime.CompilerServices.CallSite,object) <0x00186>
at System.Dynamic.UpdateDelegates.UpdateAndExecute1<object, object> (System.Runtime.CompilerServices.CallSite,object) <0x00226>
at Microsoft.Scripting.Interpreter.DynamicInstruction`2<object, object>.Run (Microsoft.Scripting.Interpreter.InterpretedFrame) <0x0009b>
at Microsoft.Scripting.Interpreter.Interpreter.Run (Microsoft.Scripting.Interpreter.InterpretedFrame) <0x000be>
System.MissingMemberException: 'ExpandoObject' object has no attribute 'YKp'
at (wrapper dynamic-method) object.CallSite.Target (System.Runtime.CompilerServices.Closure,System.Runtime.CompilerServices.CallSite,object) <IL 0x00080, 0x00273>
at System.Dynamic.UpdateDelegates.UpdateAndExecute1<object, object> (System.Runtime.CompilerServices.CallSite,object) <0x007dd>
at (wrapper dynamic-method) object.CallSite.Target (System.Runtime.CompilerServices.Closure,System.Runtime.CompilerServices.CallSite,object) <IL 0x000a4, 0x00335>
at (wrapper dynamic-method) object.CallSite.Target (System.Runtime.CompilerServices.Closure,System.Runtime.CompilerServices.CallSite,object,IronPython.Runtime.CodeContext) <IL 0x00039, 0x0011a>
at (wrapper dynamic-method) object.Update$2 (System.Runtime.CompilerServices.Closure,IronPython.Runtime.PythonFunction,object,object) <IL 0x000ad, 0x0048a>
